<?xml version="1.0" encoding="UTF-8"?>
<coverage generated="1670934170051" clover="3.2.0">
  <project timestamp="1670934170051" name="All files">
    <metrics statements="419" coveredstatements="274" conditionals="45" coveredconditionals="16" methods="73" coveredmethods="29" elements="537" coveredelements="319" complexity="0" loc="419" ncloc="419" packages="12" files="47" classes="47"/>
    <package name="src">
      <metrics statements="17" coveredstatements="16" conditionals="0" coveredconditionals="0" methods="3" coveredmethods="2"/>
      <file name="app.ts" path="/home/driven/Lucas/projeto19-drivenpass/src/app.ts">
        <metrics statements="17" coveredstatements="16" conditionals="0" coveredconditionals="0" methods="3" coveredmethods="2"/>
        <line num="1" count="3" type="stmt"/>
        <line num="2" count="3" type="stmt"/>
        <line num="3" count="3" type="stmt"/>
        <line num="4" count="3" type="stmt"/>
        <line num="5" count="3" type="stmt"/>
        <line num="7" count="3" type="stmt"/>
        <line num="9" count="3" type="stmt"/>
        <line num="10" count="3" type="stmt"/>
        <line num="11" count="3" type="stmt"/>
        <line num="13" count="3" type="stmt"/>
        <line num="14" count="3" type="stmt"/>
        <line num="15" count="3" type="stmt"/>
        <line num="18" count="3" type="stmt"/>
        <line num="19" count="0" type="stmt"/>
        <line num="23" count="3" type="stmt"/>
        <line num="24" count="1" type="stmt"/>
        <line num="27" count="3" type="stmt"/>
      </file>
    </package>
    <package name="src.config">
      <metrics statements="12" coveredstatements="11" conditionals="4" coveredconditionals="1" methods="3" coveredmethods="2"/>
      <file name="dataBase.ts" path="/home/driven/Lucas/projeto19-drivenpass/src/config/dataBase.ts">
        <metrics statements="5" coveredstatements="4" conditionals="0" coveredconditionals="0" methods="2" coveredmethods="1"/>
        <line num="5" count="3" type="stmt"/>
        <line num="8" count="3" type="stmt"/>
        <line num="9" count="3" type="stmt"/>
        <line num="12" count="3" type="stmt"/>
        <line num="13" count="0" type="stmt"/>
      </file>
      <file name="envs.ts" path="/home/driven/Lucas/projeto19-drivenpass/src/config/envs.ts">
        <metrics statements="6" coveredstatements="6" conditionals="4" coveredconditionals="1" methods="1" coveredmethods="1"/>
        <line num="1" count="3" type="stmt"/>
        <line num="2" count="3" type="stmt"/>
        <line num="4" count="3" type="stmt"/>
        <line num="6" count="3" type="cond" truecount="1" falsecount="1"/>
        <line num="12" count="3" type="stmt"/>
        <line num="13" count="3" type="stmt"/>
      </file>
      <file name="index.ts" path="/home/driven/Lucas/projeto19-drivenpass/src/config/index.ts">
        <metrics statements="1" coveredstatements="1" conditionals="0" coveredconditionals="0" methods="0" coveredmethods="0"/>
        <line num="1" count="3" type="stmt"/>
      </file>
    </package>
    <package name="src.controllers">
      <metrics statements="99" coveredstatements="32" conditionals="15" coveredconditionals="1" methods="10" coveredmethods="3"/>
      <file name="CredentialController.ts" path="/home/driven/Lucas/projeto19-drivenpass/src/controllers/CredentialController.ts">
        <metrics statements="41" coveredstatements="11" conditionals="7" coveredconditionals="0" methods="4" coveredmethods="1"/>
        <line num="1" count="3" type="stmt"/>
        <line num="3" count="3" type="stmt"/>
        <line num="5" count="3" type="stmt"/>
        <line num="6" count="1" type="stmt"/>
        <line num="8" count="1" type="stmt"/>
        <line num="9" count="1" type="stmt"/>
        <line num="10" count="0" type="stmt"/>
        <line num="12" count="1" type="cond" truecount="0" falsecount="1"/>
        <line num="13" count="0" type="stmt"/>
        <line num="14" count="1" type="cond" truecount="0" falsecount="1"/>
        <line num="15" count="0" type="stmt"/>
        <line num="18" count="3" type="stmt"/>
        <line num="19" count="0" type="stmt"/>
        <line num="20" count="0" type="stmt"/>
        <line num="22" count="0" type="stmt"/>
        <line num="23" count="0" type="stmt"/>
        <line num="24" count="0" type="stmt"/>
        <line num="26" count="0" type="cond" truecount="0" falsecount="1"/>
        <line num="27" count="0" type="stmt"/>
        <line num="28" count="0" type="cond" truecount="0" falsecount="1"/>
        <line num="29" count="0" type="stmt"/>
        <line num="30" count="0" type="stmt"/>
        <line num="33" count="3" type="stmt"/>
        <line num="34" count="0" type="stmt"/>
        <line num="35" count="0" type="stmt"/>
        <line num="37" count="0" type="stmt"/>
        <line num="38" count="0" type="stmt"/>
        <line num="39" count="0" type="stmt"/>
        <line num="40" count="0" type="stmt"/>
        <line num="43" count="0" type="cond" truecount="0" falsecount="1"/>
        <line num="44" count="0" type="stmt"/>
        <line num="47" count="3" type="stmt"/>
        <line num="48" count="0" type="stmt"/>
        <line num="49" count="0" type="stmt"/>
        <line num="51" count="0" type="stmt"/>
        <line num="52" count="0" type="stmt"/>
        <line num="53" count="0" type="stmt"/>
        <line num="56" count="0" type="cond" truecount="0" falsecount="1"/>
        <line num="57" count="0" type="stmt"/>
        <line num="59" count="0" type="cond" truecount="0" falsecount="1"/>
        <line num="60" count="0" type="stmt"/>
      </file>
      <file name="authentication-controller.ts" path="/home/driven/Lucas/projeto19-drivenpass/src/controllers/authentication-controller.ts">
        <metrics statements="8" coveredstatements="7" conditionals="0" coveredconditionals="0" methods="1" coveredmethods="1"/>
        <line num="2" count="3" type="stmt"/>
        <line num="4" count="3" type="stmt"/>
        <line num="11" count="3" type="stmt"/>
        <line num="12" count="2" type="stmt"/>
        <line num="14" count="2" type="stmt"/>
        <line num="15" count="2" type="stmt"/>
        <line num="17" count="0" type="stmt"/>
        <line num="20" count="2" type="stmt"/>
      </file>
      <file name="network-controllers.ts" path="/home/driven/Lucas/projeto19-drivenpass/src/controllers/network-controllers.ts">
        <metrics statements="40" coveredstatements="6" conditionals="7" coveredconditionals="0" methods="4" coveredmethods="0"/>
        <line num="2" count="3" type="stmt"/>
        <line num="4" count="3" type="stmt"/>
        <line num="6" count="3" type="stmt"/>
        <line num="7" count="0" type="stmt"/>
        <line num="9" count="0" type="stmt"/>
        <line num="10" count="0" type="stmt"/>
        <line num="11" count="0" type="stmt"/>
        <line num="13" count="0" type="cond" truecount="0" falsecount="1"/>
        <line num="14" count="0" type="stmt"/>
        <line num="15" count="0" type="cond" truecount="0" falsecount="1"/>
        <line num="16" count="0" type="stmt"/>
        <line num="19" count="3" type="stmt"/>
        <line num="20" count="0" type="stmt"/>
        <line num="21" count="0" type="stmt"/>
        <line num="23" count="0" type="stmt"/>
        <line num="24" count="0" type="stmt"/>
        <line num="25" count="0" type="stmt"/>
        <line num="27" count="0" type="cond" truecount="0" falsecount="1"/>
        <line num="28" count="0" type="stmt"/>
        <line num="29" count="0" type="cond" truecount="0" falsecount="1"/>
        <line num="30" count="0" type="stmt"/>
        <line num="31" count="0" type="stmt"/>
        <line num="34" count="3" type="stmt"/>
        <line num="35" count="0" type="stmt"/>
        <line num="36" count="0" type="stmt"/>
        <line num="38" count="0" type="stmt"/>
        <line num="39" count="0" type="stmt"/>
        <line num="40" count="0" type="stmt"/>
        <line num="43" count="0" type="cond" truecount="0" falsecount="1"/>
        <line num="44" count="0" type="stmt"/>
        <line num="47" count="3" type="stmt"/>
        <line num="48" count="0" type="stmt"/>
        <line num="49" count="0" type="stmt"/>
        <line num="51" count="0" type="stmt"/>
        <line num="52" count="0" type="stmt"/>
        <line num="53" count="0" type="stmt"/>
        <line num="56" count="0" type="cond" truecount="0" falsecount="1"/>
        <line num="57" count="0" type="stmt"/>
        <line num="59" count="0" type="cond" truecount="0" falsecount="1"/>
        <line num="60" count="0" type="stmt"/>
      </file>
      <file name="user-controller.ts" path="/home/driven/Lucas/projeto19-drivenpass/src/controllers/user-controller.ts">
        <metrics statements="10" coveredstatements="8" conditionals="1" coveredconditionals="1" methods="1" coveredmethods="1"/>
        <line num="2" count="3" type="stmt"/>
        <line num="4" count="3" type="stmt"/>
        <line num="9" count="3" type="stmt"/>
        <line num="10" count="1" type="stmt"/>
        <line num="12" count="1" type="stmt"/>
        <line num="13" count="1" type="stmt"/>
        <line num="15" count="0" type="stmt"/>
        <line num="17" count="1" type="cond" truecount="1" falsecount="0"/>
        <line num="18" count="1" type="stmt"/>
        <line num="21" count="0" type="stmt"/>
      </file>
    </package>
    <package name="src.errors">
      <metrics statements="32" coveredstatements="23" conditionals="0" coveredconditionals="0" methods="11" coveredmethods="2"/>
      <file name="conflict-error.ts" path="/home/driven/Lucas/projeto19-drivenpass/src/errors/conflict-error.ts">
        <metrics statements="2" coveredstatements="1" conditionals="0" coveredconditionals="0" methods="1" coveredmethods="0"/>
        <line num="3" count="3" type="stmt"/>
        <line num="4" count="0" type="stmt"/>
      </file>
      <file name="erros-service.ts" path="/home/driven/Lucas/projeto19-drivenpass/src/errors/erros-service.ts">
        <metrics statements="4" coveredstatements="3" conditionals="0" coveredconditionals="0" methods="2" coveredmethods="1"/>
        <line num="3" count="3" type="stmt"/>
        <line num="4" count="2" type="stmt"/>
        <line num="11" count="3" type="stmt"/>
        <line num="12" count="0" type="stmt"/>
      </file>
      <file name="forbidden-error.ts" path="/home/driven/Lucas/projeto19-drivenpass/src/errors/forbidden-error.ts">
        <metrics statements="2" coveredstatements="1" conditionals="0" coveredconditionals="0" methods="1" coveredmethods="0"/>
        <line num="3" count="3" type="stmt"/>
        <line num="4" count="0" type="stmt"/>
      </file>
      <file name="has-no-id-error.ts" path="/home/driven/Lucas/projeto19-drivenpass/src/errors/has-no-id-error.ts">
        <metrics statements="2" coveredstatements="1" conditionals="0" coveredconditionals="0" methods="1" coveredmethods="0"/>
        <line num="3" count="3" type="stmt"/>
        <line num="4" count="0" type="stmt"/>
      </file>
      <file name="index.ts" path="/home/driven/Lucas/projeto19-drivenpass/src/errors/index.ts">
        <metrics statements="10" coveredstatements="10" conditionals="0" coveredconditionals="0" methods="0" coveredmethods="0"/>
        <line num="1" count="3" type="stmt"/>
        <line num="2" count="3" type="stmt"/>
        <line num="3" count="3" type="stmt"/>
        <line num="4" count="3" type="stmt"/>
        <line num="5" count="3" type="stmt"/>
        <line num="6" count="3" type="stmt"/>
        <line num="7" count="3" type="stmt"/>
        <line num="8" count="3" type="stmt"/>
        <line num="9" count="3" type="stmt"/>
        <line num="10" count="3" type="stmt"/>
      </file>
      <file name="invalid-data-error.ts" path="/home/driven/Lucas/projeto19-drivenpass/src/errors/invalid-data-error.ts">
        <metrics statements="2" coveredstatements="1" conditionals="0" coveredconditionals="0" methods="1" coveredmethods="0"/>
        <line num="3" count="3" type="stmt"/>
        <line num="4" count="0" type="stmt"/>
      </file>
      <file name="invalid-email-error.ts" path="/home/driven/Lucas/projeto19-drivenpass/src/errors/invalid-email-error.ts">
        <metrics statements="2" coveredstatements="1" conditionals="0" coveredconditionals="0" methods="1" coveredmethods="0"/>
        <line num="3" count="3" type="stmt"/>
        <line num="4" count="0" type="stmt"/>
      </file>
      <file name="not-found-error.ts" path="/home/driven/Lucas/projeto19-drivenpass/src/errors/not-found-error.ts">
        <metrics statements="2" coveredstatements="1" conditionals="0" coveredconditionals="0" methods="1" coveredmethods="0"/>
        <line num="3" count="3" type="stmt"/>
        <line num="4" count="0" type="stmt"/>
      </file>
      <file name="payment-required-error.ts" path="/home/driven/Lucas/projeto19-drivenpass/src/errors/payment-required-error.ts">
        <metrics statements="2" coveredstatements="1" conditionals="0" coveredconditionals="0" methods="1" coveredmethods="0"/>
        <line num="3" count="3" type="stmt"/>
        <line num="4" count="0" type="stmt"/>
      </file>
      <file name="request-error.ts" path="/home/driven/Lucas/projeto19-drivenpass/src/errors/request-error.ts">
        <metrics statements="2" coveredstatements="1" conditionals="0" coveredconditionals="0" methods="1" coveredmethods="0"/>
        <line num="3" count="3" type="stmt"/>
        <line num="4" count="0" type="stmt"/>
      </file>
      <file name="unauthorized-error.ts" path="/home/driven/Lucas/projeto19-drivenpass/src/errors/unauthorized-error.ts">
        <metrics statements="2" coveredstatements="2" conditionals="0" coveredconditionals="0" methods="1" coveredmethods="1"/>
        <line num="3" count="3" type="stmt"/>
        <line num="4" count="4" type="stmt"/>
      </file>
    </package>
    <package name="src.middleware">
      <metrics statements="41" coveredstatements="34" conditionals="6" coveredconditionals="3" methods="8" coveredmethods="6"/>
      <file name="authenticationToken.ts" path="/home/driven/Lucas/projeto19-drivenpass/src/middleware/authenticationToken.ts">
        <metrics statements="17" coveredstatements="17" conditionals="3" coveredconditionals="1" methods="2" coveredmethods="2"/>
        <line num="2" count="3" type="stmt"/>
        <line num="3" count="3" type="stmt"/>
        <line num="5" count="3" type="stmt"/>
        <line num="6" count="3" type="stmt"/>
        <line num="8" count="3" type="stmt"/>
        <line num="9" count="7" type="stmt"/>
        <line num="10" count="7" type="cond" truecount="1" falsecount="0"/>
        <line num="12" count="5" type="stmt"/>
        <line num="13" count="5" type="cond" truecount="0" falsecount="1"/>
        <line num="15" count="5" type="stmt"/>
        <line num="16" count="5" type="stmt"/>
        <line num="18" count="3" type="stmt"/>
        <line num="23" count="3" type="cond" truecount="0" falsecount="1"/>
        <line num="25" count="3" type="stmt"/>
        <line num="27" count="3" type="stmt"/>
        <line num="29" count="2" type="stmt"/>
        <line num="34" count="4" type="stmt"/>
      </file>
      <file name="credential-middleware.ts" path="/home/driven/Lucas/projeto19-drivenpass/src/middleware/credential-middleware.ts">
        <metrics statements="8" coveredstatements="7" conditionals="1" coveredconditionals="1" methods="2" coveredmethods="2"/>
        <line num="2" count="3" type="stmt"/>
        <line num="4" count="3" type="stmt"/>
        <line num="5" count="2" type="stmt"/>
        <line num="6" count="2" type="cond" truecount="1" falsecount="0"/>
        <line num="7" count="7" type="stmt"/>
        <line num="8" count="2" type="stmt"/>
        <line num="9" count="2" type="stmt"/>
        <line num="11" count="0" type="stmt"/>
      </file>
      <file name="network-middleware.ts" path="/home/driven/Lucas/projeto19-drivenpass/src/middleware/network-middleware.ts">
        <metrics statements="8" coveredstatements="2" conditionals="1" coveredconditionals="0" methods="2" coveredmethods="0"/>
        <line num="2" count="3" type="stmt"/>
        <line num="4" count="3" type="stmt"/>
        <line num="5" count="0" type="stmt"/>
        <line num="6" count="0" type="cond" truecount="0" falsecount="1"/>
        <line num="7" count="0" type="stmt"/>
        <line num="8" count="0" type="stmt"/>
        <line num="9" count="0" type="stmt"/>
        <line num="11" count="0" type="stmt"/>
      </file>
      <file name="user-middleware.ts" path="/home/driven/Lucas/projeto19-drivenpass/src/middleware/user-middleware.ts">
        <metrics statements="8" coveredstatements="8" conditionals="1" coveredconditionals="1" methods="2" coveredmethods="2"/>
        <line num="1" count="3" type="stmt"/>
        <line num="4" count="3" type="stmt"/>
        <line num="5" count="7" type="stmt"/>
        <line num="6" count="7" type="cond" truecount="1" falsecount="0"/>
        <line num="7" count="10" type="stmt"/>
        <line num="8" count="4" type="stmt"/>
        <line num="9" count="4" type="stmt"/>
        <line num="11" count="3" type="stmt"/>
      </file>
    </package>
    <package name="src.repositorys">
      <metrics statements="36" coveredstatements="25" conditionals="1" coveredconditionals="1" methods="14" coveredmethods="3"/>
      <file name="authentication-repository.ts" path="/home/driven/Lucas/projeto19-drivenpass/src/repositorys/authentication-repository.ts">
        <metrics statements="9" coveredstatements="7" conditionals="1" coveredconditionals="1" methods="3" coveredmethods="1"/>
        <line num="1" count="3" type="stmt"/>
        <line num="6" count="2" type="stmt"/>
        <line num="12" count="2" type="cond" truecount="1" falsecount="0"/>
        <line num="13" count="2" type="stmt"/>
        <line num="16" count="2" type="stmt"/>
        <line num="20" count="0" type="stmt"/>
        <line num="27" count="0" type="stmt"/>
        <line num="32" count="3" type="stmt"/>
        <line num="38" count="3" type="stmt"/>
      </file>
      <file name="credentials-repository.ts" path="/home/driven/Lucas/projeto19-drivenpass/src/repositorys/credentials-repository.ts">
        <metrics statements="12" coveredstatements="8" conditionals="0" coveredconditionals="0" methods="5" coveredmethods="1"/>
        <line num="1" count="3" type="stmt"/>
        <line num="4" count="3" type="stmt"/>
        <line num="5" count="0" type="stmt"/>
        <line num="13" count="3" type="stmt"/>
        <line num="20" count="0" type="stmt"/>
        <line num="31" count="3" type="stmt"/>
        <line num="32" count="0" type="stmt"/>
        <line num="40" count="1" type="stmt"/>
        <line num="47" count="3" type="stmt"/>
        <line num="48" count="0" type="stmt"/>
        <line num="56" count="3" type="stmt"/>
        <line num="64" count="3" type="stmt"/>
      </file>
      <file name="network-repository.ts" path="/home/driven/Lucas/projeto19-drivenpass/src/repositorys/network-repository.ts">
        <metrics statements="10" coveredstatements="6" conditionals="0" coveredconditionals="0" methods="4" coveredmethods="0"/>
        <line num="1" count="3" type="stmt"/>
        <line num="13" count="3" type="stmt"/>
        <line num="19" count="0" type="stmt"/>
        <line num="29" count="3" type="stmt"/>
        <line num="30" count="0" type="stmt"/>
        <line num="38" count="0" type="stmt"/>
        <line num="45" count="3" type="stmt"/>
        <line num="46" count="0" type="stmt"/>
        <line num="53" count="3" type="stmt"/>
        <line num="60" count="3" type="stmt"/>
      </file>
      <file name="user-repository.ts" path="/home/driven/Lucas/projeto19-drivenpass/src/repositorys/user-repository.ts">
        <metrics statements="5" coveredstatements="4" conditionals="0" coveredconditionals="0" methods="2" coveredmethods="1"/>
        <line num="1" count="3" type="stmt"/>
        <line num="4" count="1" type="stmt"/>
        <line num="14" count="0" type="stmt"/>
        <line num="23" count="3" type="stmt"/>
        <line num="28" count="3" type="stmt"/>
      </file>
    </package>
    <package name="src.routes">
      <metrics statements="43" coveredstatements="43" conditionals="0" coveredconditionals="0" methods="0" coveredmethods="0"/>
      <file name="Routes.ts" path="/home/driven/Lucas/projeto19-drivenpass/src/routes/Routes.ts">
        <metrics statements="11" coveredstatements="11" conditionals="0" coveredconditionals="0" methods="0" coveredmethods="0"/>
        <line num="1" count="3" type="stmt"/>
        <line num="2" count="3" type="stmt"/>
        <line num="3" count="3" type="stmt"/>
        <line num="4" count="3" type="stmt"/>
        <line num="5" count="3" type="stmt"/>
        <line num="7" count="3" type="stmt"/>
        <line num="8" count="3" type="stmt"/>
        <line num="9" count="3" type="stmt"/>
        <line num="10" count="3" type="stmt"/>
        <line num="11" count="3" type="stmt"/>
        <line num="13" count="3" type="stmt"/>
      </file>
      <file name="authentication-router.ts" path="/home/driven/Lucas/projeto19-drivenpass/src/routes/authentication-router.ts">
        <metrics statements="6" coveredstatements="6" conditionals="0" coveredconditionals="0" methods="0" coveredmethods="0"/>
        <line num="1" count="3" type="stmt"/>
        <line num="2" count="3" type="stmt"/>
        <line num="3" count="3" type="stmt"/>
        <line num="5" count="3" type="stmt"/>
        <line num="7" count="3" type="stmt"/>
        <line num="9" count="3" type="stmt"/>
      </file>
      <file name="credential-router.ts" path="/home/driven/Lucas/projeto19-drivenpass/src/routes/credential-router.ts">
        <metrics statements="10" coveredstatements="10" conditionals="0" coveredconditionals="0" methods="0" coveredmethods="0"/>
        <line num="1" count="3" type="stmt"/>
        <line num="2" count="3" type="stmt"/>
        <line num="3" count="3" type="stmt"/>
        <line num="4" count="3" type="stmt"/>
        <line num="9" count="3" type="stmt"/>
        <line num="11" count="3" type="stmt"/>
        <line num="12" count="3" type="stmt"/>
        <line num="13" count="3" type="stmt"/>
        <line num="14" count="3" type="stmt"/>
        <line num="16" count="3" type="stmt"/>
      </file>
      <file name="network-controller-router.ts" path="/home/driven/Lucas/projeto19-drivenpass/src/routes/network-controller-router.ts">
        <metrics statements="10" coveredstatements="10" conditionals="0" coveredconditionals="0" methods="0" coveredmethods="0"/>
        <line num="2" count="3" type="stmt"/>
        <line num="3" count="3" type="stmt"/>
        <line num="4" count="3" type="stmt"/>
        <line num="6" count="3" type="stmt"/>
        <line num="11" count="3" type="stmt"/>
        <line num="13" count="3" type="stmt"/>
        <line num="14" count="3" type="stmt"/>
        <line num="15" count="3" type="stmt"/>
        <line num="16" count="3" type="stmt"/>
        <line num="18" count="3" type="stmt"/>
      </file>
      <file name="user-route.ts" path="/home/driven/Lucas/projeto19-drivenpass/src/routes/user-route.ts">
        <metrics statements="6" coveredstatements="6" conditionals="0" coveredconditionals="0" methods="0" coveredmethods="0"/>
        <line num="2" count="3" type="stmt"/>
        <line num="3" count="3" type="stmt"/>
        <line num="4" count="3" type="stmt"/>
        <line num="8" count="3" type="stmt"/>
        <line num="10" count="3" type="stmt"/>
        <line num="13" count="3" type="stmt"/>
      </file>
    </package>
    <package name="src.schema">
      <metrics statements="9" coveredstatements="9" conditionals="0" coveredconditionals="0" methods="0" coveredmethods="0"/>
      <file name="credential-schema.ts" path="/home/driven/Lucas/projeto19-drivenpass/src/schema/credential-schema.ts">
        <metrics statements="3" coveredstatements="3" conditionals="0" coveredconditionals="0" methods="0" coveredmethods="0"/>
        <line num="1" count="3" type="stmt"/>
        <line num="3" count="3" type="stmt"/>
        <line num="11" count="3" type="stmt"/>
      </file>
      <file name="network-schema.ts" path="/home/driven/Lucas/projeto19-drivenpass/src/schema/network-schema.ts">
        <metrics statements="3" coveredstatements="3" conditionals="0" coveredconditionals="0" methods="0" coveredmethods="0"/>
        <line num="2" count="3" type="stmt"/>
        <line num="4" count="3" type="stmt"/>
        <line num="11" count="3" type="stmt"/>
      </file>
      <file name="user-schema.ts" path="/home/driven/Lucas/projeto19-drivenpass/src/schema/user-schema.ts">
        <metrics statements="3" coveredstatements="3" conditionals="0" coveredconditionals="0" methods="0" coveredmethods="0"/>
        <line num="2" count="3" type="stmt"/>
        <line num="4" count="3" type="stmt"/>
        <line num="10" count="3" type="stmt"/>
      </file>
    </package>
    <package name="src.services">
      <metrics statements="85" coveredstatements="46" conditionals="12" coveredconditionals="3" methods="15" coveredmethods="6"/>
      <file name="authentication-service.ts" path="/home/driven/Lucas/projeto19-drivenpass/src/services/authentication-service.ts">
        <metrics statements="20" coveredstatements="15" conditionals="2" coveredconditionals="2" methods="4" coveredmethods="3"/>
        <line num="1" count="3" type="stmt"/>
        <line num="2" count="3" type="stmt"/>
        <line num="4" count="3" type="stmt"/>
        <line num="5" count="3" type="stmt"/>
        <line num="6" count="3" type="stmt"/>
        <line num="10" count="2" type="stmt"/>
        <line num="12" count="2" type="stmt"/>
        <line num="13" count="1" type="stmt"/>
        <line num="15" count="0" type="stmt"/>
        <line num="17" count="0" type="stmt"/>
        <line num="24" count="2" type="stmt"/>
        <line num="25" count="2" type="cond" truecount="1" falsecount="0"/>
        <line num="27" count="1" type="stmt"/>
        <line num="31" count="0" type="stmt"/>
        <line num="32" count="0" type="stmt"/>
        <line num="37" count="0" type="stmt"/>
        <line num="41" count="1" type="stmt"/>
        <line num="42" count="1" type="cond" truecount="1" falsecount="0"/>
        <line num="53" count="3" type="stmt"/>
        <line num="57" count="3" type="stmt"/>
      </file>
      <file name="credentials-service.ts" path="/home/driven/Lucas/projeto19-drivenpass/src/services/credentials-service.ts">
        <metrics statements="28" coveredstatements="11" conditionals="5" coveredconditionals="0" methods="5" coveredmethods="1"/>
        <line num="5" count="3" type="stmt"/>
        <line num="6" count="3" type="stmt"/>
        <line num="7" count="3" type="stmt"/>
        <line num="8" count="3" type="stmt"/>
        <line num="12" count="1" type="stmt"/>
        <line num="13" count="0" type="stmt"/>
        <line num="16" count="3" type="stmt"/>
        <line num="17" count="0" type="stmt"/>
        <line num="18" count="0" type="cond" truecount="0" falsecount="1"/>
        <line num="20" count="0" type="cond" truecount="0" falsecount="1"/>
        <line num="22" count="0" type="stmt"/>
        <line num="23" count="0" type="stmt"/>
        <line num="32" count="3" type="stmt"/>
        <line num="33" count="0" type="stmt"/>
        <line num="35" count="0" type="stmt"/>
        <line num="36" count="0" type="stmt"/>
        <line num="45" count="3" type="stmt"/>
        <line num="46" count="0" type="stmt"/>
        <line num="47" count="0" type="cond" truecount="0" falsecount="1"/>
        <line num="48" count="0" type="stmt"/>
        <line num="51" count="3" type="stmt"/>
        <line num="52" count="0" type="stmt"/>
        <line num="53" count="0" type="cond" truecount="0" falsecount="1"/>
        <line num="54" count="0" type="cond" truecount="0" falsecount="1"/>
        <line num="56" count="0" type="stmt"/>
        <line num="57" count="0" type="stmt"/>
        <line num="62" count="3" type="stmt"/>
        <line num="70" count="3" type="stmt"/>
      </file>
      <file name="erros-authetication.ts" path="/home/driven/Lucas/projeto19-drivenpass/src/services/erros-authetication.ts">
        <metrics statements="2" coveredstatements="2" conditionals="0" coveredconditionals="0" methods="1" coveredmethods="1"/>
        <line num="3" count="3" type="stmt"/>
        <line num="4" count="2" type="stmt"/>
      </file>
      <file name="network-service.ts" path="/home/driven/Lucas/projeto19-drivenpass/src/services/network-service.ts">
        <metrics statements="25" coveredstatements="10" conditionals="4" coveredconditionals="0" methods="4" coveredmethods="0"/>
        <line num="5" count="3" type="stmt"/>
        <line num="6" count="3" type="stmt"/>
        <line num="7" count="3" type="stmt"/>
        <line num="9" count="3" type="stmt"/>
        <line num="11" count="3" type="stmt"/>
        <line num="13" count="0" type="stmt"/>
        <line num="14" count="0" type="stmt"/>
        <line num="17" count="3" type="stmt"/>
        <line num="18" count="0" type="stmt"/>
        <line num="19" count="0" type="cond" truecount="0" falsecount="1"/>
        <line num="21" count="0" type="cond" truecount="0" falsecount="1"/>
        <line num="23" count="0" type="stmt"/>
        <line num="24" count="0" type="stmt"/>
        <line num="31" count="3" type="stmt"/>
        <line num="32" count="0" type="stmt"/>
        <line num="34" count="0" type="stmt"/>
        <line num="35" count="0" type="stmt"/>
        <line num="43" count="3" type="stmt"/>
        <line num="44" count="0" type="stmt"/>
        <line num="45" count="0" type="cond" truecount="0" falsecount="1"/>
        <line num="46" count="0" type="cond" truecount="0" falsecount="1"/>
        <line num="47" count="0" type="stmt"/>
        <line num="48" count="0" type="stmt"/>
        <line num="53" count="3" type="stmt"/>
        <line num="60" count="3" type="stmt"/>
      </file>
      <file name="user-service.ts" path="/home/driven/Lucas/projeto19-drivenpass/src/services/user-service.ts">
        <metrics statements="10" coveredstatements="8" conditionals="1" coveredconditionals="1" methods="1" coveredmethods="1"/>
        <line num="2" count="3" type="stmt"/>
        <line num="4" count="3" type="stmt"/>
        <line num="5" count="3" type="stmt"/>
        <line num="8" count="3" type="stmt"/>
        <line num="10" count="1" type="stmt"/>
        <line num="11" count="1" type="cond" truecount="1" falsecount="0"/>
        <line num="13" count="0" type="stmt"/>
        <line num="15" count="0" type="stmt"/>
        <line num="20" count="3" type="stmt"/>
        <line num="24" count="3" type="stmt"/>
      </file>
    </package>
    <package name="src.utils">
      <metrics statements="16" coveredstatements="6" conditionals="0" coveredconditionals="0" methods="4" coveredmethods="0"/>
      <file name="cryptofrafado.ts" path="/home/driven/Lucas/projeto19-drivenpass/src/utils/cryptofrafado.ts">
        <metrics statements="11" coveredstatements="5" conditionals="0" coveredconditionals="0" methods="3" coveredmethods="0"/>
        <line num="1" count="3" type="stmt"/>
        <line num="2" count="3" type="stmt"/>
        <line num="4" count="3" type="stmt"/>
        <line num="7" count="0" type="stmt"/>
        <line num="8" count="0" type="stmt"/>
        <line num="11" count="3" type="stmt"/>
        <line num="12" count="0" type="stmt"/>
        <line num="13" count="0" type="stmt"/>
        <line num="16" count="3" type="stmt"/>
        <line num="17" count="0" type="stmt"/>
        <line num="18" count="0" type="stmt"/>
      </file>
      <file name="prisma-utils.ts" path="/home/driven/Lucas/projeto19-drivenpass/src/utils/prisma-utils.ts">
        <metrics statements="5" coveredstatements="1" conditionals="0" coveredconditionals="0" methods="1" coveredmethods="0"/>
        <line num="1" count="3" type="stmt"/>
        <line num="2" count="0" type="stmt"/>
        <line num="3" count="0" type="stmt"/>
        <line num="4" count="0" type="stmt"/>
        <line num="6" count="0" type="stmt"/>
      </file>
    </package>
    <package name="test">
      <metrics statements="11" coveredstatements="11" conditionals="2" coveredconditionals="2" methods="2" coveredmethods="2"/>
      <file name="helpers.ts" path="/home/driven/Lucas/projeto19-drivenpass/test/helpers.ts">
        <metrics statements="11" coveredstatements="11" conditionals="2" coveredconditionals="2" methods="2" coveredmethods="2"/>
        <line num="1" count="3" type="stmt"/>
        <line num="4" count="3" type="stmt"/>
        <line num="5" count="3" type="stmt"/>
        <line num="6" count="3" type="stmt"/>
        <line num="8" count="3" type="stmt"/>
        <line num="11" count="3" type="stmt"/>
        <line num="15" count="3" type="stmt"/>
        <line num="16" count="3" type="cond" truecount="2" falsecount="0"/>
        <line num="17" count="3" type="stmt"/>
        <line num="19" count="3" type="stmt"/>
        <line num="21" count="3" type="stmt"/>
      </file>
    </package>
    <package name="test.factory">
      <metrics statements="18" coveredstatements="18" conditionals="5" coveredconditionals="5" methods="3" coveredmethods="3"/>
      <file name="credential0factory.ts" path="/home/driven/Lucas/projeto19-drivenpass/test/factory/credential0factory.ts">
        <metrics statements="4" coveredstatements="4" conditionals="0" coveredconditionals="0" methods="1" coveredmethods="1"/>
        <line num="1" count="3" type="stmt"/>
        <line num="3" count="3" type="stmt"/>
        <line num="5" count="3" type="stmt"/>
        <line num="6" count="2" type="stmt"/>
      </file>
      <file name="index.ts" path="/home/driven/Lucas/projeto19-drivenpass/test/factory/index.ts">
        <metrics statements="2" coveredstatements="2" conditionals="0" coveredconditionals="0" methods="0" coveredmethods="0"/>
        <line num="1" count="3" type="stmt"/>
        <line num="2" count="3" type="stmt"/>
      </file>
      <file name="session-factory.ts" path="/home/driven/Lucas/projeto19-drivenpass/test/factory/session-factory.ts">
        <metrics statements="5" coveredstatements="5" conditionals="0" coveredconditionals="0" methods="1" coveredmethods="1"/>
        <line num="2" count="3" type="stmt"/>
        <line num="3" count="3" type="stmt"/>
        <line num="5" count="3" type="stmt"/>
        <line num="6" count="3" type="stmt"/>
        <line num="8" count="3" type="stmt"/>
      </file>
      <file name="user-factory.ts" path="/home/driven/Lucas/projeto19-drivenpass/test/factory/user-factory.ts">
        <metrics statements="7" coveredstatements="7" conditionals="5" coveredconditionals="5" methods="1" coveredmethods="1"/>
        <line num="1" count="3" type="stmt"/>
        <line num="2" count="3" type="stmt"/>
        <line num="4" count="3" type="stmt"/>
        <line num="6" count="3" type="cond" truecount="1" falsecount="0"/>
        <line num="7" count="8" type="cond" truecount="2" falsecount="0"/>
        <line num="8" count="8" type="stmt"/>
        <line num="10" count="8" type="stmt"/>
      </file>
    </package>
  </project>
</coverage>
