{"/home/driven/Lucas/projeto19-drivenpass/src/app.ts": {"path":"/home/driven/Lucas/projeto19-drivenpass/src/app.ts","statementMap":{"0":{"start":{"line":1,"column":0},"end":{"line":1,"column":37}},"1":{"start":{"line":2,"column":0},"end":{"line":2,"column":23}},"2":{"start":{"line":3,"column":0},"end":{"line":3,"column":27}},"3":{"start":{"line":4,"column":0},"end":{"line":4,"column":36}},"4":{"start":{"line":5,"column":0},"end":{"line":5,"column":51}},"5":{"start":{"line":7,"column":0},"end":{"line":7,"column":16}},"6":{"start":{"line":9,"column":12},"end":{"line":9,"column":21}},"7":{"start":{"line":10,"column":0},"end":{"line":10,"column":24}},"8":{"start":{"line":11,"column":0},"end":{"line":11,"column":16}},"9":{"start":{"line":14,"column":4},"end":{"line":14,"column":16}},"10":{"start":{"line":15,"column":4},"end":{"line":15,"column":32}},"11":{"start":{"line":13,"column":0},"end":{"line":13,"column":16}},"12":{"start":{"line":19,"column":4},"end":{"line":19,"column":25}},"13":{"start":{"line":18,"column":2},"end":{"line":18,"column":9}},"14":{"start":{"line":23,"column":2},"end":{"line":25,"column":3}},"15":{"start":{"line":24,"column":0},"end":{"line":24,"column":null}},"16":{"start":{"line":27,"column":0},"end":{"line":27,"column":19}}},"fnMap":{"0":{"name":"init","decl":{"start":{"line":13,"column":16},"end":{"line":13,"column":20}},"loc":{"start":{"line":13,"column":20},"end":{"line":16,"column":3}}},"1":{"name":"close","decl":{"start":{"line":18,"column":24},"end":{"line":18,"column":29}},"loc":{"start":{"line":18,"column":29},"end":{"line":20,"column":3}}},"2":{"name":"(anonymous_9)","decl":{"start":{"line":23,"column":19},"end":{"line":23,"column":22}},"loc":{"start":{"line":23,"column":24},"end":{"line":25,"column":1}}}},"branchMap":{},"s":{"0":3,"1":3,"2":3,"3":3,"4":3,"5":3,"6":3,"7":3,"8":3,"9":3,"10":3,"11":3,"12":0,"13":3,"14":3,"15":1,"16":3},"f":{"0":3,"1":0,"2":1},"b":{}}
,"/home/driven/Lucas/projeto19-drivenpass/src/config/dataBase.ts": {"path":"/home/driven/Lucas/projeto19-drivenpass/src/config/dataBase.ts","statementMap":{"0":{"start":{"line":5,"column":0},"end":{"line":5,"column":46}},"1":{"start":{"line":9,"column":2},"end":{"line":9,"column":30}},"2":{"start":{"line":8,"column":0},"end":{"line":8,"column":16}},"3":{"start":{"line":13,"column":2},"end":{"line":13,"column":30}},"4":{"start":{"line":12,"column":0},"end":{"line":12,"column":7}}},"fnMap":{"0":{"name":"connectDb","decl":{"start":{"line":8,"column":16},"end":{"line":8,"column":25}},"loc":{"start":{"line":8,"column":25},"end":{"line":10,"column":1}}},"1":{"name":"disconnectDB","decl":{"start":{"line":12,"column":22},"end":{"line":12,"column":34}},"loc":{"start":{"line":12,"column":34},"end":{"line":14,"column":1}}}},"branchMap":{},"s":{"0":3,"1":3,"2":3,"3":0,"4":3},"f":{"0":3,"1":0},"b":{}}
,"/home/driven/Lucas/projeto19-drivenpass/src/config/envs.ts": {"path":"/home/driven/Lucas/projeto19-drivenpass/src/config/envs.ts","statementMap":{"0":{"start":{"line":1,"column":0},"end":{"line":1,"column":28}},"1":{"start":{"line":2,"column":0},"end":{"line":2,"column":41}},"2":{"start":{"line":6,"column":4},"end":{"line":10,"column":16}},"3":{"start":{"line":12,"column":22},"end":{"line":12,"column":45}},"4":{"start":{"line":13,"column":2},"end":{"line":13,"column":35}},"5":{"start":{"line":4,"column":0},"end":{"line":4,"column":16}}},"fnMap":{"0":{"name":"loadEnv","decl":{"start":{"line":4,"column":16},"end":{"line":4,"column":23}},"loc":{"start":{"line":4,"column":23},"end":{"line":14,"column":1}}}},"branchMap":{"0":{"loc":{"start":{"line":6,"column":4},"end":{"line":10,"column":16}},"type":"cond-expr","locations":[{"start":{"line":7,"column":8},"end":{"line":7,"column":19}},{"start":{"line":8,"column":8},"end":{"line":10,"column":16}}]},"1":{"loc":{"start":{"line":8,"column":8},"end":{"line":10,"column":16}},"type":"cond-expr","locations":[{"start":{"line":9,"column":10},"end":{"line":9,"column":28}},{"start":{"line":10,"column":10},"end":{"line":10,"column":16}}]}},"s":{"0":3,"1":3,"2":3,"3":3,"4":3,"5":3},"f":{"0":3},"b":{"0":[3,0],"1":[0,0]}}
,"/home/driven/Lucas/projeto19-drivenpass/src/config/index.ts": {"path":"/home/driven/Lucas/projeto19-drivenpass/src/config/index.ts","statementMap":{"0":{"start":{"line":1,"column":0},"end":{"line":1,"column":26}}},"fnMap":{},"branchMap":{},"s":{"0":3},"f":{},"b":{}}
,"/home/driven/Lucas/projeto19-drivenpass/src/controllers/CredentialController.ts": {"path":"/home/driven/Lucas/projeto19-drivenpass/src/controllers/CredentialController.ts","statementMap":{"0":{"start":{"line":1,"column":0},"end":{"line":1,"column":64}},"1":{"start":{"line":3,"column":0},"end":{"line":3,"column":37}},"2":{"start":{"line":6,"column":17},"end":{"line":6,"column":35}},"3":{"start":{"line":8,"column":2},"end":{"line":16,"column":null}},"4":{"start":{"line":9,"column":24},"end":{"line":9,"column":74}},"5":{"start":{"line":10,"column":4},"end":{"line":10,"column":55}},"6":{"start":{"line":12,"column":4},"end":{"line":13,"column":50}},"7":{"start":{"line":13,"column":6},"end":{"line":13,"column":50}},"8":{"start":{"line":14,"column":4},"end":{"line":15,"column":53}},"9":{"start":{"line":15,"column":6},"end":{"line":15,"column":53}},"10":{"start":{"line":5,"column":0},"end":{"line":5,"column":7}},"11":{"start":{"line":19,"column":17},"end":{"line":19,"column":34}},"12":{"start":{"line":20,"column":13},"end":{"line":20,"column":27}},"13":{"start":{"line":22,"column":2},"end":{"line":31,"column":null}},"14":{"start":{"line":23,"column":21},"end":{"line":23,"column":72}},"15":{"start":{"line":24,"column":4},"end":{"line":24,"column":52}},"16":{"start":{"line":26,"column":4},"end":{"line":27,"column":50}},"17":{"start":{"line":27,"column":6},"end":{"line":27,"column":50}},"18":{"start":{"line":28,"column":4},"end":{"line":29,"column":53}},"19":{"start":{"line":29,"column":6},"end":{"line":29,"column":53}},"20":{"start":{"line":30,"column":4},"end":{"line":30,"column":50}},"21":{"start":{"line":18,"column":0},"end":{"line":18,"column":7}},"22":{"start":{"line":34,"column":19},"end":{"line":34,"column":37}},"23":{"start":{"line":35,"column":43},"end":{"line":35,"column":51}},"24":{"start":{"line":37,"column":2},"end":{"line":45,"column":null}},"25":{"start":{"line":38,"column":6},"end":{"line":38,"column":60}},"26":{"start":{"line":39,"column":6},"end":{"line":39,"column":88}},"27":{"start":{"line":40,"column":6},"end":{"line":40,"column":58}},"28":{"start":{"line":43,"column":4},"end":{"line":44,"column":51}},"29":{"start":{"line":44,"column":4},"end":{"line":44,"column":51}},"30":{"start":{"line":33,"column":0},"end":{"line":33,"column":7}},"31":{"start":{"line":48,"column":18},"end":{"line":48,"column":36}},"32":{"start":{"line":49,"column":15},"end":{"line":49,"column":29}},"33":{"start":{"line":51,"column":2},"end":{"line":61,"column":null}},"34":{"start":{"line":52,"column":6},"end":{"line":52,"column":62}},"35":{"start":{"line":53,"column":6},"end":{"line":53,"column":54}},"36":{"start":{"line":56,"column":4},"end":{"line":57,"column":51}},"37":{"start":{"line":57,"column":4},"end":{"line":57,"column":51}},"38":{"start":{"line":59,"column":4},"end":{"line":60,"column":48}},"39":{"start":{"line":60,"column":4},"end":{"line":60,"column":48}},"40":{"start":{"line":47,"column":0},"end":{"line":47,"column":7}}},"fnMap":{"0":{"name":"allCredential","decl":{"start":{"line":5,"column":22},"end":{"line":5,"column":35}},"loc":{"start":{"line":5,"column":63},"end":{"line":17,"column":1}}},"1":{"name":"credentialById","decl":{"start":{"line":18,"column":22},"end":{"line":18,"column":36}},"loc":{"start":{"line":18,"column":64},"end":{"line":32,"column":1}}},"2":{"name":"postCredential","decl":{"start":{"line":33,"column":22},"end":{"line":33,"column":36}},"loc":{"start":{"line":33,"column":64},"end":{"line":46,"column":1}}},"3":{"name":"DeleteById","decl":{"start":{"line":47,"column":22},"end":{"line":47,"column":32}},"loc":{"start":{"line":47,"column":60},"end":{"line":62,"column":1}}}},"branchMap":{"0":{"loc":{"start":{"line":12,"column":4},"end":{"line":13,"column":50}},"type":"if","locations":[{"start":{"line":12,"column":4},"end":{"line":13,"column":50}}]},"1":{"loc":{"start":{"line":14,"column":4},"end":{"line":15,"column":53}},"type":"if","locations":[{"start":{"line":14,"column":4},"end":{"line":15,"column":53}}]},"2":{"loc":{"start":{"line":26,"column":4},"end":{"line":27,"column":50}},"type":"if","locations":[{"start":{"line":26,"column":4},"end":{"line":27,"column":50}}]},"3":{"loc":{"start":{"line":28,"column":4},"end":{"line":29,"column":53}},"type":"if","locations":[{"start":{"line":28,"column":4},"end":{"line":29,"column":53}}]},"4":{"loc":{"start":{"line":43,"column":4},"end":{"line":44,"column":51}},"type":"if","locations":[{"start":{"line":43,"column":4},"end":{"line":44,"column":51}}]},"5":{"loc":{"start":{"line":56,"column":4},"end":{"line":57,"column":51}},"type":"if","locations":[{"start":{"line":56,"column":4},"end":{"line":57,"column":51}}]},"6":{"loc":{"start":{"line":59,"column":4},"end":{"line":60,"column":48}},"type":"if","locations":[{"start":{"line":59,"column":4},"end":{"line":60,"column":48}}]}},"s":{"0":3,"1":3,"2":1,"3":1,"4":1,"5":0,"6":1,"7":0,"8":1,"9":0,"10":3,"11":0,"12":0,"13":0,"14":0,"15":0,"16":0,"17":0,"18":0,"19":0,"20":0,"21":3,"22":0,"23":0,"24":0,"25":0,"26":0,"27":0,"28":0,"29":0,"30":3,"31":0,"32":0,"33":0,"34":0,"35":0,"36":0,"37":0,"38":0,"39":0,"40":3},"f":{"0":1,"1":0,"2":0,"3":0},"b":{"0":[0],"1":[0],"2":[0],"3":[0],"4":[0],"5":[0],"6":[0]}}
,"/home/driven/Lucas/projeto19-drivenpass/src/controllers/authentication-controller.ts": {"path":"/home/driven/Lucas/projeto19-drivenpass/src/controllers/authentication-controller.ts","statementMap":{"0":{"start":{"line":2,"column":0},"end":{"line":2,"column":70}},"1":{"start":{"line":4,"column":0},"end":{"line":4,"column":37}},"2":{"start":{"line":12,"column":30},"end":{"line":12,"column":54}},"3":{"start":{"line":14,"column":2},"end":{"line":21,"column":null}},"4":{"start":{"line":15,"column":19},"end":{"line":15,"column":74}},"5":{"start":{"line":17,"column":4},"end":{"line":17,"column":50}},"6":{"start":{"line":20,"column":4},"end":{"line":20,"column":56}},"7":{"start":{"line":11,"column":0},"end":{"line":11,"column":7}}},"fnMap":{"0":{"name":"singInPost","decl":{"start":{"line":11,"column":22},"end":{"line":11,"column":32}},"loc":{"start":{"line":11,"column":60},"end":{"line":22,"column":1}}}},"branchMap":{},"s":{"0":3,"1":3,"2":2,"3":2,"4":2,"5":0,"6":2,"7":3},"f":{"0":2},"b":{}}
,"/home/driven/Lucas/projeto19-drivenpass/src/controllers/network-controllers.ts": {"path":"/home/driven/Lucas/projeto19-drivenpass/src/controllers/network-controllers.ts","statementMap":{"0":{"start":{"line":2,"column":0},"end":{"line":2,"column":56}},"1":{"start":{"line":4,"column":0},"end":{"line":4,"column":37}},"2":{"start":{"line":7,"column":17},"end":{"line":7,"column":35}},"3":{"start":{"line":9,"column":2},"end":{"line":17,"column":null}},"4":{"start":{"line":10,"column":24},"end":{"line":10,"column":66}},"5":{"start":{"line":11,"column":4},"end":{"line":11,"column":55}},"6":{"start":{"line":13,"column":4},"end":{"line":14,"column":50}},"7":{"start":{"line":14,"column":6},"end":{"line":14,"column":50}},"8":{"start":{"line":15,"column":4},"end":{"line":16,"column":53}},"9":{"start":{"line":16,"column":6},"end":{"line":16,"column":53}},"10":{"start":{"line":6,"column":0},"end":{"line":6,"column":7}},"11":{"start":{"line":20,"column":17},"end":{"line":20,"column":34}},"12":{"start":{"line":21,"column":13},"end":{"line":21,"column":27}},"13":{"start":{"line":23,"column":2},"end":{"line":32,"column":null}},"14":{"start":{"line":24,"column":21},"end":{"line":24,"column":65}},"15":{"start":{"line":25,"column":4},"end":{"line":25,"column":52}},"16":{"start":{"line":27,"column":4},"end":{"line":28,"column":50}},"17":{"start":{"line":28,"column":6},"end":{"line":28,"column":50}},"18":{"start":{"line":29,"column":4},"end":{"line":30,"column":53}},"19":{"start":{"line":30,"column":6},"end":{"line":30,"column":53}},"20":{"start":{"line":31,"column":4},"end":{"line":31,"column":50}},"21":{"start":{"line":19,"column":0},"end":{"line":19,"column":7}},"22":{"start":{"line":35,"column":19},"end":{"line":35,"column":37}},"23":{"start":{"line":36,"column":37},"end":{"line":36,"column":45}},"24":{"start":{"line":38,"column":2},"end":{"line":45,"column":null}},"25":{"start":{"line":39,"column":6},"end":{"line":39,"column":75}},"26":{"start":{"line":40,"column":6},"end":{"line":40,"column":58}},"27":{"start":{"line":43,"column":4},"end":{"line":44,"column":51}},"28":{"start":{"line":44,"column":4},"end":{"line":44,"column":51}},"29":{"start":{"line":34,"column":0},"end":{"line":34,"column":7}},"30":{"start":{"line":48,"column":18},"end":{"line":48,"column":36}},"31":{"start":{"line":49,"column":15},"end":{"line":49,"column":29}},"32":{"start":{"line":51,"column":2},"end":{"line":61,"column":null}},"33":{"start":{"line":52,"column":6},"end":{"line":52,"column":55}},"34":{"start":{"line":53,"column":6},"end":{"line":53,"column":54}},"35":{"start":{"line":56,"column":4},"end":{"line":57,"column":51}},"36":{"start":{"line":57,"column":4},"end":{"line":57,"column":51}},"37":{"start":{"line":59,"column":4},"end":{"line":60,"column":48}},"38":{"start":{"line":60,"column":4},"end":{"line":60,"column":48}},"39":{"start":{"line":47,"column":0},"end":{"line":47,"column":7}}},"fnMap":{"0":{"name":"allnetworks","decl":{"start":{"line":6,"column":22},"end":{"line":6,"column":33}},"loc":{"start":{"line":6,"column":61},"end":{"line":18,"column":1}}},"1":{"name":"networkById","decl":{"start":{"line":19,"column":22},"end":{"line":19,"column":33}},"loc":{"start":{"line":19,"column":61},"end":{"line":33,"column":1}}},"2":{"name":"postNetwork","decl":{"start":{"line":34,"column":22},"end":{"line":34,"column":33}},"loc":{"start":{"line":34,"column":61},"end":{"line":46,"column":1}}},"3":{"name":"deleteById","decl":{"start":{"line":47,"column":22},"end":{"line":47,"column":32}},"loc":{"start":{"line":47,"column":60},"end":{"line":62,"column":1}}}},"branchMap":{"0":{"loc":{"start":{"line":13,"column":4},"end":{"line":14,"column":50}},"type":"if","locations":[{"start":{"line":13,"column":4},"end":{"line":14,"column":50}}]},"1":{"loc":{"start":{"line":15,"column":4},"end":{"line":16,"column":53}},"type":"if","locations":[{"start":{"line":15,"column":4},"end":{"line":16,"column":53}}]},"2":{"loc":{"start":{"line":27,"column":4},"end":{"line":28,"column":50}},"type":"if","locations":[{"start":{"line":27,"column":4},"end":{"line":28,"column":50}}]},"3":{"loc":{"start":{"line":29,"column":4},"end":{"line":30,"column":53}},"type":"if","locations":[{"start":{"line":29,"column":4},"end":{"line":30,"column":53}}]},"4":{"loc":{"start":{"line":43,"column":4},"end":{"line":44,"column":51}},"type":"if","locations":[{"start":{"line":43,"column":4},"end":{"line":44,"column":51}}]},"5":{"loc":{"start":{"line":56,"column":4},"end":{"line":57,"column":51}},"type":"if","locations":[{"start":{"line":56,"column":4},"end":{"line":57,"column":51}}]},"6":{"loc":{"start":{"line":59,"column":4},"end":{"line":60,"column":48}},"type":"if","locations":[{"start":{"line":59,"column":4},"end":{"line":60,"column":48}}]}},"s":{"0":3,"1":3,"2":0,"3":0,"4":0,"5":0,"6":0,"7":0,"8":0,"9":0,"10":3,"11":0,"12":0,"13":0,"14":0,"15":0,"16":0,"17":0,"18":0,"19":0,"20":0,"21":3,"22":0,"23":0,"24":0,"25":0,"26":0,"27":0,"28":0,"29":3,"30":0,"31":0,"32":0,"33":0,"34":0,"35":0,"36":0,"37":0,"38":0,"39":3},"f":{"0":0,"1":0,"2":0,"3":0},"b":{"0":[0],"1":[0],"2":[0],"3":[0],"4":[0],"5":[0],"6":[0]}}
,"/home/driven/Lucas/projeto19-drivenpass/src/controllers/user-controller.ts": {"path":"/home/driven/Lucas/projeto19-drivenpass/src/controllers/user-controller.ts","statementMap":{"0":{"start":{"line":2,"column":0},"end":{"line":2,"column":50}},"1":{"start":{"line":4,"column":0},"end":{"line":4,"column":37}},"2":{"start":{"line":10,"column":26},"end":{"line":10,"column":34}},"3":{"start":{"line":12,"column":0},"end":{"line":22,"column":null}},"4":{"start":{"line":13,"column":17},"end":{"line":13,"column":62}},"5":{"start":{"line":15,"column":4},"end":{"line":15,"column":53}},"6":{"start":{"line":17,"column":4},"end":{"line":19,"column":null}},"7":{"start":{"line":18,"column":8},"end":{"line":18,"column":59}},"8":{"start":{"line":21,"column":2},"end":{"line":21,"column":56}},"9":{"start":{"line":9,"column":0},"end":{"line":9,"column":15}}},"fnMap":{"0":{"name":"createUser","decl":{"start":{"line":9,"column":30},"end":{"line":9,"column":40}},"loc":{"start":{"line":9,"column":68},"end":{"line":24,"column":1}}}},"branchMap":{"0":{"loc":{"start":{"line":17,"column":4},"end":{"line":19,"column":null}},"type":"if","locations":[{"start":{"line":17,"column":4},"end":{"line":19,"column":null}}]}},"s":{"0":3,"1":3,"2":1,"3":1,"4":1,"5":0,"6":1,"7":1,"8":0,"9":3},"f":{"0":1},"b":{"0":[1]}}
,"/home/driven/Lucas/projeto19-drivenpass/src/errors/conflict-error.ts": {"path":"/home/driven/Lucas/projeto19-drivenpass/src/errors/conflict-error.ts","statementMap":{"0":{"start":{"line":4,"column":2},"end":{"line":7,"column":4}},"1":{"start":{"line":3,"column":0},"end":{"line":3,"column":16}}},"fnMap":{"0":{"name":"conflictError","decl":{"start":{"line":3,"column":16},"end":{"line":3,"column":29}},"loc":{"start":{"line":3,"column":59},"end":{"line":8,"column":1}}}},"branchMap":{},"s":{"0":0,"1":3},"f":{"0":0},"b":{}}
,"/home/driven/Lucas/projeto19-drivenpass/src/errors/erros-service.ts": {"path":"/home/driven/Lucas/projeto19-drivenpass/src/errors/erros-service.ts","statementMap":{"0":{"start":{"line":4,"column":2},"end":{"line":7,"column":4}},"1":{"start":{"line":3,"column":0},"end":{"line":3,"column":16}},"2":{"start":{"line":12,"column":2},"end":{"line":15,"column":4}},"3":{"start":{"line":11,"column":0},"end":{"line":11,"column":16}}},"fnMap":{"0":{"name":"duplicatedEmailError","decl":{"start":{"line":3,"column":16},"end":{"line":3,"column":36}},"loc":{"start":{"line":3,"column":36},"end":{"line":8,"column":1}}},"1":{"name":"duplicatedtitleError","decl":{"start":{"line":11,"column":16},"end":{"line":11,"column":36}},"loc":{"start":{"line":11,"column":36},"end":{"line":16,"column":1}}}},"branchMap":{},"s":{"0":2,"1":3,"2":0,"3":3},"f":{"0":2,"1":0},"b":{}}
,"/home/driven/Lucas/projeto19-drivenpass/src/errors/forbidden-error.ts": {"path":"/home/driven/Lucas/projeto19-drivenpass/src/errors/forbidden-error.ts","statementMap":{"0":{"start":{"line":4,"column":2},"end":{"line":7,"column":4}},"1":{"start":{"line":3,"column":0},"end":{"line":3,"column":16}}},"fnMap":{"0":{"name":"forbidden","decl":{"start":{"line":3,"column":16},"end":{"line":3,"column":25}},"loc":{"start":{"line":3,"column":25},"end":{"line":8,"column":1}}}},"branchMap":{},"s":{"0":0,"1":3},"f":{"0":0},"b":{}}
,"/home/driven/Lucas/projeto19-drivenpass/src/errors/has-no-id-error.ts": {"path":"/home/driven/Lucas/projeto19-drivenpass/src/errors/has-no-id-error.ts","statementMap":{"0":{"start":{"line":4,"column":2},"end":{"line":7,"column":4}},"1":{"start":{"line":3,"column":0},"end":{"line":3,"column":16}}},"fnMap":{"0":{"name":"hasnoid","decl":{"start":{"line":3,"column":16},"end":{"line":3,"column":23}},"loc":{"start":{"line":3,"column":23},"end":{"line":8,"column":1}}}},"branchMap":{},"s":{"0":0,"1":3},"f":{"0":0},"b":{}}
,"/home/driven/Lucas/projeto19-drivenpass/src/errors/index.ts": {"path":"/home/driven/Lucas/projeto19-drivenpass/src/errors/index.ts","statementMap":{"0":{"start":{"line":1,"column":0},"end":{"line":1,"column":34}},"1":{"start":{"line":2,"column":0},"end":{"line":2,"column":33}},"2":{"start":{"line":3,"column":0},"end":{"line":3,"column":37}},"3":{"start":{"line":4,"column":0},"end":{"line":4,"column":38}},"4":{"start":{"line":5,"column":0},"end":{"line":5,"column":34}},"5":{"start":{"line":6,"column":0},"end":{"line":6,"column":37}},"6":{"start":{"line":7,"column":0},"end":{"line":7,"column":32}},"7":{"start":{"line":8,"column":0},"end":{"line":8,"column":41}},"8":{"start":{"line":9,"column":0},"end":{"line":9,"column":34}},"9":{"start":{"line":10,"column":0},"end":{"line":10,"column":31}}},"fnMap":{},"branchMap":{},"s":{"0":3,"1":3,"2":3,"3":3,"4":3,"5":3,"6":3,"7":3,"8":3,"9":3},"f":{},"b":{}}
,"/home/driven/Lucas/projeto19-drivenpass/src/errors/invalid-data-error.ts": {"path":"/home/driven/Lucas/projeto19-drivenpass/src/errors/invalid-data-error.ts","statementMap":{"0":{"start":{"line":4,"column":2},"end":{"line":8,"column":4}},"1":{"start":{"line":3,"column":0},"end":{"line":3,"column":16}}},"fnMap":{"0":{"name":"invalidDataError","decl":{"start":{"line":3,"column":16},"end":{"line":3,"column":32}},"loc":{"start":{"line":3,"column":50},"end":{"line":9,"column":1}}}},"branchMap":{},"s":{"0":0,"1":3},"f":{"0":0},"b":{}}
,"/home/driven/Lucas/projeto19-drivenpass/src/errors/invalid-email-error.ts": {"path":"/home/driven/Lucas/projeto19-drivenpass/src/errors/invalid-email-error.ts","statementMap":{"0":{"start":{"line":4,"column":2},"end":{"line":8,"column":4}},"1":{"start":{"line":3,"column":0},"end":{"line":3,"column":16}}},"fnMap":{"0":{"name":"invalidEmailError","decl":{"start":{"line":3,"column":16},"end":{"line":3,"column":33}},"loc":{"start":{"line":3,"column":47},"end":{"line":9,"column":1}}}},"branchMap":{},"s":{"0":0,"1":3},"f":{"0":0},"b":{}}
,"/home/driven/Lucas/projeto19-drivenpass/src/errors/not-found-error.ts": {"path":"/home/driven/Lucas/projeto19-drivenpass/src/errors/not-found-error.ts","statementMap":{"0":{"start":{"line":4,"column":2},"end":{"line":7,"column":4}},"1":{"start":{"line":3,"column":0},"end":{"line":3,"column":16}}},"fnMap":{"0":{"name":"notFoundError","decl":{"start":{"line":3,"column":16},"end":{"line":3,"column":29}},"loc":{"start":{"line":3,"column":29},"end":{"line":8,"column":1}}}},"branchMap":{},"s":{"0":0,"1":3},"f":{"0":0},"b":{}}
,"/home/driven/Lucas/projeto19-drivenpass/src/errors/payment-required-error.ts": {"path":"/home/driven/Lucas/projeto19-drivenpass/src/errors/payment-required-error.ts","statementMap":{"0":{"start":{"line":4,"column":2},"end":{"line":7,"column":4}},"1":{"start":{"line":3,"column":0},"end":{"line":3,"column":16}}},"fnMap":{"0":{"name":"paymentRequiredError","decl":{"start":{"line":3,"column":16},"end":{"line":3,"column":36}},"loc":{"start":{"line":3,"column":36},"end":{"line":8,"column":1}}}},"branchMap":{},"s":{"0":0,"1":3},"f":{"0":0},"b":{}}
,"/home/driven/Lucas/projeto19-drivenpass/src/errors/request-error.ts": {"path":"/home/driven/Lucas/projeto19-drivenpass/src/errors/request-error.ts","statementMap":{"0":{"start":{"line":4,"column":2},"end":{"line":10,"column":4}},"1":{"start":{"line":3,"column":0},"end":{"line":3,"column":16}}},"fnMap":{"0":{"name":"requestError","decl":{"start":{"line":3,"column":16},"end":{"line":3,"column":28}},"loc":{"start":{"line":3,"column":63},"end":{"line":11,"column":1}}}},"branchMap":{},"s":{"0":0,"1":3},"f":{"0":0},"b":{}}
,"/home/driven/Lucas/projeto19-drivenpass/src/errors/unauthorized-error.ts": {"path":"/home/driven/Lucas/projeto19-drivenpass/src/errors/unauthorized-error.ts","statementMap":{"0":{"start":{"line":4,"column":2},"end":{"line":7,"column":4}},"1":{"start":{"line":3,"column":0},"end":{"line":3,"column":16}}},"fnMap":{"0":{"name":"unauthorizedError","decl":{"start":{"line":3,"column":16},"end":{"line":3,"column":33}},"loc":{"start":{"line":3,"column":33},"end":{"line":8,"column":1}}}},"branchMap":{},"s":{"0":4,"1":3},"f":{"0":4},"b":{}}
,"/home/driven/Lucas/projeto19-drivenpass/src/middleware/authenticationToken.ts": {"path":"/home/driven/Lucas/projeto19-drivenpass/src/middleware/authenticationToken.ts","statementMap":{"0":{"start":{"line":2,"column":0},"end":{"line":2,"column":37}},"1":{"start":{"line":3,"column":0},"end":{"line":3,"column":36}},"2":{"start":{"line":5,"column":0},"end":{"line":5,"column":45}},"3":{"start":{"line":6,"column":0},"end":{"line":6,"column":33}},"4":{"start":{"line":9,"column":21},"end":{"line":9,"column":48}},"5":{"start":{"line":10,"column":2},"end":{"line":10,"column":60}},"6":{"start":{"line":10,"column":19},"end":{"line":10,"column":60}},"7":{"start":{"line":12,"column":16},"end":{"line":12,"column":40}},"8":{"start":{"line":13,"column":2},"end":{"line":13,"column":55}},"9":{"start":{"line":13,"column":14},"end":{"line":13,"column":55}},"10":{"start":{"line":15,"column":2},"end":{"line":30,"column":null}},"11":{"start":{"line":16,"column":23},"end":{"line":16,"column":78}},"12":{"start":{"line":18,"column":20},"end":{"line":22,"column":6}},"13":{"start":{"line":23,"column":4},"end":{"line":23,"column":59}},"14":{"start":{"line":23,"column":18},"end":{"line":23,"column":59}},"15":{"start":{"line":25,"column":4},"end":{"line":25,"column":24}},"16":{"start":{"line":27,"column":4},"end":{"line":27,"column":18}},"17":{"start":{"line":29,"column":4},"end":{"line":29,"column":45}},"18":{"start":{"line":8,"column":0},"end":{"line":8,"column":7}},"19":{"start":{"line":34,"column":2},"end":{"line":34,"column":64}}},"fnMap":{"0":{"name":"authenticateToken","decl":{"start":{"line":8,"column":22},"end":{"line":8,"column":39}},"loc":{"start":{"line":8,"column":100},"end":{"line":31,"column":1}}},"1":{"name":"generateUnauthorizedResponse","decl":{"start":{"line":33,"column":9},"end":{"line":33,"column":37}},"loc":{"start":{"line":33,"column":51},"end":{"line":35,"column":1}}}},"branchMap":{"0":{"loc":{"start":{"line":10,"column":2},"end":{"line":10,"column":60}},"type":"if","locations":[{"start":{"line":10,"column":2},"end":{"line":10,"column":60}}]},"1":{"loc":{"start":{"line":13,"column":2},"end":{"line":13,"column":55}},"type":"if","locations":[{"start":{"line":13,"column":2},"end":{"line":13,"column":55}}]},"2":{"loc":{"start":{"line":23,"column":4},"end":{"line":23,"column":59}},"type":"if","locations":[{"start":{"line":23,"column":4},"end":{"line":23,"column":59}}]}},"s":{"0":3,"1":3,"2":3,"3":3,"4":7,"5":7,"6":2,"7":5,"8":5,"9":0,"10":5,"11":5,"12":3,"13":3,"14":0,"15":3,"16":3,"17":2,"18":3,"19":4},"f":{"0":7,"1":4},"b":{"0":[2],"1":[0],"2":[0]}}
,"/home/driven/Lucas/projeto19-drivenpass/src/middleware/credential-middleware.ts": {"path":"/home/driven/Lucas/projeto19-drivenpass/src/middleware/credential-middleware.ts","statementMap":{"0":{"start":{"line":2,"column":0},"end":{"line":2,"column":58}},"1":{"start":{"line":5,"column":23},"end":{"line":5,"column":81}},"2":{"start":{"line":6,"column":4},"end":{"line":10,"column":null}},"3":{"start":{"line":7,"column":20},"end":{"line":7,"column":76}},"4":{"start":{"line":7,"column":61},"end":{"line":7,"column":75}},"5":{"start":{"line":8,"column":6},"end":{"line":8,"column":34}},"6":{"start":{"line":9,"column":6},"end":{"line":9,"column":13}},"7":{"start":{"line":11,"column":4},"end":{"line":11,"column":11}},"8":{"start":{"line":4,"column":0},"end":{"line":4,"column":16}}},"fnMap":{"0":{"name":"credentialMiddle","decl":{"start":{"line":4,"column":16},"end":{"line":4,"column":32}},"loc":{"start":{"line":4,"column":80},"end":{"line":12,"column":1}}},"1":{"name":"(anonymous_2)","decl":{"start":{"line":7,"column":49},"end":{"line":7,"column":50}},"loc":{"start":{"line":7,"column":61},"end":{"line":7,"column":75}}}},"branchMap":{"0":{"loc":{"start":{"line":6,"column":4},"end":{"line":10,"column":null}},"type":"if","locations":[{"start":{"line":6,"column":4},"end":{"line":10,"column":null}}]}},"s":{"0":3,"1":2,"2":2,"3":2,"4":7,"5":2,"6":2,"7":0,"8":3},"f":{"0":2,"1":7},"b":{"0":[2]}}
,"/home/driven/Lucas/projeto19-drivenpass/src/middleware/network-middleware.ts": {"path":"/home/driven/Lucas/projeto19-drivenpass/src/middleware/network-middleware.ts","statementMap":{"0":{"start":{"line":2,"column":0},"end":{"line":2,"column":52}},"1":{"start":{"line":5,"column":23},"end":{"line":5,"column":78}},"2":{"start":{"line":6,"column":4},"end":{"line":10,"column":null}},"3":{"start":{"line":7,"column":20},"end":{"line":7,"column":76}},"4":{"start":{"line":7,"column":61},"end":{"line":7,"column":75}},"5":{"start":{"line":8,"column":6},"end":{"line":8,"column":34}},"6":{"start":{"line":9,"column":6},"end":{"line":9,"column":13}},"7":{"start":{"line":11,"column":4},"end":{"line":11,"column":11}},"8":{"start":{"line":4,"column":0},"end":{"line":4,"column":16}}},"fnMap":{"0":{"name":"networkMiddle","decl":{"start":{"line":4,"column":16},"end":{"line":4,"column":29}},"loc":{"start":{"line":4,"column":77},"end":{"line":12,"column":1}}},"1":{"name":"(anonymous_2)","decl":{"start":{"line":7,"column":49},"end":{"line":7,"column":50}},"loc":{"start":{"line":7,"column":61},"end":{"line":7,"column":75}}}},"branchMap":{"0":{"loc":{"start":{"line":6,"column":4},"end":{"line":10,"column":null}},"type":"if","locations":[{"start":{"line":6,"column":4},"end":{"line":10,"column":null}}]}},"s":{"0":3,"1":0,"2":0,"3":0,"4":0,"5":0,"6":0,"7":0,"8":3},"f":{"0":0,"1":0},"b":{"0":[0]}}
,"/home/driven/Lucas/projeto19-drivenpass/src/middleware/user-middleware.ts": {"path":"/home/driven/Lucas/projeto19-drivenpass/src/middleware/user-middleware.ts","statementMap":{"0":{"start":{"line":1,"column":0},"end":{"line":1,"column":47}},"1":{"start":{"line":5,"column":23},"end":{"line":5,"column":75}},"2":{"start":{"line":6,"column":4},"end":{"line":10,"column":null}},"3":{"start":{"line":7,"column":20},"end":{"line":7,"column":76}},"4":{"start":{"line":7,"column":61},"end":{"line":7,"column":75}},"5":{"start":{"line":8,"column":6},"end":{"line":8,"column":34}},"6":{"start":{"line":9,"column":6},"end":{"line":9,"column":13}},"7":{"start":{"line":11,"column":4},"end":{"line":11,"column":11}},"8":{"start":{"line":4,"column":0},"end":{"line":4,"column":16}}},"fnMap":{"0":{"name":"userMiddle","decl":{"start":{"line":4,"column":16},"end":{"line":4,"column":26}},"loc":{"start":{"line":4,"column":74},"end":{"line":12,"column":1}}},"1":{"name":"(anonymous_2)","decl":{"start":{"line":7,"column":49},"end":{"line":7,"column":50}},"loc":{"start":{"line":7,"column":61},"end":{"line":7,"column":75}}}},"branchMap":{"0":{"loc":{"start":{"line":6,"column":4},"end":{"line":10,"column":null}},"type":"if","locations":[{"start":{"line":6,"column":4},"end":{"line":10,"column":null}}]}},"s":{"0":3,"1":7,"2":7,"3":4,"4":10,"5":4,"6":4,"7":3,"8":3},"f":{"0":7,"1":10},"b":{"0":[4]}}
,"/home/driven/Lucas/projeto19-drivenpass/src/repositorys/authentication-repository.ts": {"path":"/home/driven/Lucas/projeto19-drivenpass/src/repositorys/authentication-repository.ts","statementMap":{"0":{"start":{"line":1,"column":0},"end":{"line":1,"column":34}},"1":{"start":{"line":6,"column":46},"end":{"line":10,"column":6}},"2":{"start":{"line":12,"column":4},"end":{"line":14,"column":null}},"3":{"start":{"line":13,"column":6},"end":{"line":13,"column":29}},"4":{"start":{"line":16,"column":4},"end":{"line":16,"column":42}},"5":{"start":{"line":20,"column":4},"end":{"line":22,"column":7}},"6":{"start":{"line":27,"column":2},"end":{"line":29,"column":5}},"7":{"start":{"line":32,"column":32},"end":{"line":36,"column":2}},"8":{"start":{"line":38,"column":0},"end":{"line":38,"column":39}}},"fnMap":{"0":{"name":"findByEmail","decl":{"start":{"line":5,"column":15},"end":{"line":5,"column":26}},"loc":{"start":{"line":5,"column":68},"end":{"line":17,"column":3}}},"1":{"name":"createUser","decl":{"start":{"line":19,"column":17},"end":{"line":19,"column":27}},"loc":{"start":{"line":19,"column":65},"end":{"line":23,"column":3}}},"2":{"name":"createSession","decl":{"start":{"line":26,"column":15},"end":{"line":26,"column":28}},"loc":{"start":{"line":26,"column":69},"end":{"line":30,"column":1}}}},"branchMap":{"0":{"loc":{"start":{"line":12,"column":4},"end":{"line":14,"column":null}},"type":"if","locations":[{"start":{"line":12,"column":4},"end":{"line":14,"column":null}}]}},"s":{"0":3,"1":2,"2":2,"3":2,"4":2,"5":0,"6":0,"7":3,"8":3},"f":{"0":2,"1":0,"2":0},"b":{"0":[2]}}
,"/home/driven/Lucas/projeto19-drivenpass/src/repositorys/credentials-repository.ts": {"path":"/home/driven/Lucas/projeto19-drivenpass/src/repositorys/credentials-repository.ts","statementMap":{"0":{"start":{"line":1,"column":0},"end":{"line":1,"column":34}},"1":{"start":{"line":5,"column":2},"end":{"line":10,"column":5}},"2":{"start":{"line":4,"column":0},"end":{"line":4,"column":7}},"3":{"start":{"line":20,"column":2},"end":{"line":28,"column":5}},"4":{"start":{"line":13,"column":0},"end":{"line":13,"column":7}},"5":{"start":{"line":32,"column":2},"end":{"line":36,"column":5}},"6":{"start":{"line":31,"column":0},"end":{"line":31,"column":7}},"7":{"start":{"line":40,"column":2},"end":{"line":44,"column":5}},"8":{"start":{"line":48,"column":2},"end":{"line":52,"column":5}},"9":{"start":{"line":47,"column":0},"end":{"line":47,"column":7}},"10":{"start":{"line":56,"column":30},"end":{"line":62,"column":2}},"11":{"start":{"line":64,"column":0},"end":{"line":64,"column":37}}},"fnMap":{"0":{"name":"credentialTitle","decl":{"start":{"line":4,"column":22},"end":{"line":4,"column":37}},"loc":{"start":{"line":4,"column":67},"end":{"line":11,"column":1}}},"1":{"name":"createCredential","decl":{"start":{"line":13,"column":22},"end":{"line":13,"column":38}},"loc":{"start":{"line":18,"column":18},"end":{"line":29,"column":1}}},"2":{"name":"credentialId","decl":{"start":{"line":31,"column":22},"end":{"line":31,"column":34}},"loc":{"start":{"line":31,"column":45},"end":{"line":37,"column":1}}},"3":{"name":"credentialAll","decl":{"start":{"line":39,"column":15},"end":{"line":39,"column":28}},"loc":{"start":{"line":39,"column":43},"end":{"line":45,"column":1}}},"4":{"name":"deleteId","decl":{"start":{"line":47,"column":22},"end":{"line":47,"column":30}},"loc":{"start":{"line":47,"column":41},"end":{"line":53,"column":1}}}},"branchMap":{},"s":{"0":3,"1":0,"2":3,"3":0,"4":3,"5":0,"6":3,"7":1,"8":0,"9":3,"10":3,"11":3},"f":{"0":0,"1":0,"2":0,"3":1,"4":0},"b":{}}
,"/home/driven/Lucas/projeto19-drivenpass/src/repositorys/network-repository.ts": {"path":"/home/driven/Lucas/projeto19-drivenpass/src/repositorys/network-repository.ts","statementMap":{"0":{"start":{"line":1,"column":0},"end":{"line":1,"column":34}},"1":{"start":{"line":19,"column":2},"end":{"line":26,"column":5}},"2":{"start":{"line":13,"column":0},"end":{"line":13,"column":7}},"3":{"start":{"line":30,"column":2},"end":{"line":34,"column":5}},"4":{"start":{"line":29,"column":0},"end":{"line":29,"column":7}},"5":{"start":{"line":38,"column":2},"end":{"line":42,"column":5}},"6":{"start":{"line":46,"column":2},"end":{"line":50,"column":5}},"7":{"start":{"line":45,"column":0},"end":{"line":45,"column":7}},"8":{"start":{"line":53,"column":26},"end":{"line":58,"column":2}},"9":{"start":{"line":60,"column":0},"end":{"line":60,"column":33}}},"fnMap":{"0":{"name":"createNetwork","decl":{"start":{"line":13,"column":22},"end":{"line":13,"column":35}},"loc":{"start":{"line":17,"column":18},"end":{"line":27,"column":1}}},"1":{"name":"networkId","decl":{"start":{"line":29,"column":22},"end":{"line":29,"column":31}},"loc":{"start":{"line":29,"column":42},"end":{"line":35,"column":1}}},"2":{"name":"networkAll","decl":{"start":{"line":37,"column":15},"end":{"line":37,"column":25}},"loc":{"start":{"line":37,"column":40},"end":{"line":43,"column":1}}},"3":{"name":"deleteId","decl":{"start":{"line":45,"column":22},"end":{"line":45,"column":30}},"loc":{"start":{"line":45,"column":41},"end":{"line":51,"column":1}}}},"branchMap":{},"s":{"0":3,"1":0,"2":3,"3":0,"4":3,"5":0,"6":0,"7":3,"8":3,"9":3},"f":{"0":0,"1":0,"2":0,"3":0},"b":{}}
,"/home/driven/Lucas/projeto19-drivenpass/src/repositorys/user-repository.ts": {"path":"/home/driven/Lucas/projeto19-drivenpass/src/repositorys/user-repository.ts","statementMap":{"0":{"start":{"line":1,"column":0},"end":{"line":1,"column":34}},"1":{"start":{"line":4,"column":2},"end":{"line":9,"column":5}},"2":{"start":{"line":14,"column":2},"end":{"line":20,"column":5}},"3":{"start":{"line":23,"column":23},"end":{"line":26,"column":2}},"4":{"start":{"line":28,"column":0},"end":{"line":28,"column":30}}},"fnMap":{"0":{"name":"findByEmail","decl":{"start":{"line":3,"column":15},"end":{"line":3,"column":26}},"loc":{"start":{"line":3,"column":40},"end":{"line":11,"column":1}}},"1":{"name":"create","decl":{"start":{"line":13,"column":15},"end":{"line":13,"column":21}},"loc":{"start":{"line":13,"column":53},"end":{"line":21,"column":1}}}},"branchMap":{},"s":{"0":3,"1":1,"2":0,"3":3,"4":3},"f":{"0":1,"1":0},"b":{}}
,"/home/driven/Lucas/projeto19-drivenpass/src/routes/Routes.ts": {"path":"/home/driven/Lucas/projeto19-drivenpass/src/routes/Routes.ts","statementMap":{"0":{"start":{"line":1,"column":0},"end":{"line":1,"column":33}},"1":{"start":{"line":2,"column":0},"end":{"line":2,"column":63}},"2":{"start":{"line":3,"column":0},"end":{"line":3,"column":51}},"3":{"start":{"line":4,"column":0},"end":{"line":4,"column":56}},"4":{"start":{"line":5,"column":0},"end":{"line":5,"column":38}},"5":{"start":{"line":7,"column":15},"end":{"line":7,"column":23}},"6":{"start":{"line":8,"column":0},"end":{"line":8,"column":null}},"7":{"start":{"line":9,"column":0},"end":{"line":9,"column":null}},"8":{"start":{"line":10,"column":0},"end":{"line":10,"column":29}},"9":{"start":{"line":11,"column":0},"end":{"line":11,"column":null}},"10":{"start":{"line":13,"column":0},"end":{"line":13,"column":22}}},"fnMap":{},"branchMap":{},"s":{"0":3,"1":3,"2":3,"3":3,"4":3,"5":3,"6":3,"7":3,"8":3,"9":3,"10":3},"f":{},"b":{}}
,"/home/driven/Lucas/projeto19-drivenpass/src/routes/authentication-router.ts": {"path":"/home/driven/Lucas/projeto19-drivenpass/src/routes/authentication-router.ts","statementMap":{"0":{"start":{"line":1,"column":0},"end":{"line":1,"column":69}},"1":{"start":{"line":2,"column":0},"end":{"line":2,"column":58}},"2":{"start":{"line":3,"column":0},"end":{"line":3,"column":33}},"3":{"start":{"line":5,"column":29},"end":{"line":5,"column":37}},"4":{"start":{"line":9,"column":9},"end":{"line":9,"column":29}},"5":{"start":{"line":7,"column":0},"end":{"line":7,"column":63}}},"fnMap":{},"branchMap":{},"s":{"0":3,"1":3,"2":3,"3":3,"4":3,"5":3},"f":{},"b":{}}
,"/home/driven/Lucas/projeto19-drivenpass/src/routes/credential-router.ts": {"path":"/home/driven/Lucas/projeto19-drivenpass/src/routes/credential-router.ts","statementMap":{"0":{"start":{"line":1,"column":0},"end":{"line":1,"column":111}},"1":{"start":{"line":2,"column":0},"end":{"line":2,"column":69}},"2":{"start":{"line":3,"column":0},"end":{"line":3,"column":70}},"3":{"start":{"line":4,"column":0},"end":{"line":4,"column":31}},"4":{"start":{"line":9,"column":25},"end":{"line":9,"column":33}},"5":{"start":{"line":11,"column":0},"end":{"line":11,"column":70}},"6":{"start":{"line":12,"column":0},"end":{"line":12,"column":75}},"7":{"start":{"line":13,"column":0},"end":{"line":13,"column":90}},"8":{"start":{"line":14,"column":0},"end":{"line":14,"column":74}},"9":{"start":{"line":16,"column":0},"end":{"line":16,"column":32}}},"fnMap":{},"branchMap":{},"s":{"0":3,"1":3,"2":3,"3":3,"4":3,"5":3,"6":3,"7":3,"8":3,"9":3},"f":{},"b":{}}
,"/home/driven/Lucas/projeto19-drivenpass/src/routes/network-controller-router.ts": {"path":"/home/driven/Lucas/projeto19-drivenpass/src/routes/network-controller-router.ts","statementMap":{"0":{"start":{"line":2,"column":0},"end":{"line":2,"column":102}},"1":{"start":{"line":3,"column":0},"end":{"line":3,"column":69}},"2":{"start":{"line":4,"column":0},"end":{"line":4,"column":64}},"3":{"start":{"line":6,"column":0},"end":{"line":6,"column":31}},"4":{"start":{"line":11,"column":22},"end":{"line":11,"column":30}},"5":{"start":{"line":13,"column":0},"end":{"line":13,"column":62}},"6":{"start":{"line":14,"column":0},"end":{"line":14,"column":66}},"7":{"start":{"line":15,"column":0},"end":{"line":15,"column":78}},"8":{"start":{"line":16,"column":0},"end":{"line":16,"column":68}},"9":{"start":{"line":18,"column":0},"end":{"line":18,"column":29}}},"fnMap":{},"branchMap":{},"s":{"0":3,"1":3,"2":3,"3":3,"4":3,"5":3,"6":3,"7":3,"8":3,"9":3},"f":{},"b":{}}
,"/home/driven/Lucas/projeto19-drivenpass/src/routes/user-route.ts": {"path":"/home/driven/Lucas/projeto19-drivenpass/src/routes/user-route.ts","statementMap":{"0":{"start":{"line":2,"column":0},"end":{"line":2,"column":58}},"1":{"start":{"line":3,"column":0},"end":{"line":3,"column":31}},"2":{"start":{"line":4,"column":0},"end":{"line":4,"column":56}},"3":{"start":{"line":8,"column":19},"end":{"line":8,"column":27}},"4":{"start":{"line":10,"column":0},"end":{"line":10,"column":50}},"5":{"start":{"line":13,"column":0},"end":{"line":13,"column":26}}},"fnMap":{},"branchMap":{},"s":{"0":3,"1":3,"2":3,"3":3,"4":3,"5":3},"f":{},"b":{}}
,"/home/driven/Lucas/projeto19-drivenpass/src/schema/credential-schema.ts": {"path":"/home/driven/Lucas/projeto19-drivenpass/src/schema/credential-schema.ts","statementMap":{"0":{"start":{"line":1,"column":0},"end":{"line":1,"column":21}},"1":{"start":{"line":3,"column":25},"end":{"line":8,"column":2}},"2":{"start":{"line":11,"column":0},"end":{"line":11,"column":32}}},"fnMap":{},"branchMap":{},"s":{"0":3,"1":3,"2":3},"f":{},"b":{}}
,"/home/driven/Lucas/projeto19-drivenpass/src/schema/network-schema.ts": {"path":"/home/driven/Lucas/projeto19-drivenpass/src/schema/network-schema.ts","statementMap":{"0":{"start":{"line":2,"column":0},"end":{"line":2,"column":21}},"1":{"start":{"line":4,"column":22},"end":{"line":8,"column":2}},"2":{"start":{"line":11,"column":0},"end":{"line":11,"column":29}}},"fnMap":{},"branchMap":{},"s":{"0":3,"1":3,"2":3},"f":{},"b":{}}
,"/home/driven/Lucas/projeto19-drivenpass/src/schema/user-schema.ts": {"path":"/home/driven/Lucas/projeto19-drivenpass/src/schema/user-schema.ts","statementMap":{"0":{"start":{"line":2,"column":0},"end":{"line":2,"column":21}},"1":{"start":{"line":4,"column":19},"end":{"line":7,"column":2}},"2":{"start":{"line":10,"column":0},"end":{"line":10,"column":26}}},"fnMap":{},"branchMap":{},"s":{"0":3,"1":3,"2":3},"f":{},"b":{}}
,"/home/driven/Lucas/projeto19-drivenpass/src/services/authentication-service.ts": {"path":"/home/driven/Lucas/projeto19-drivenpass/src/services/authentication-service.ts","statementMap":{"0":{"start":{"line":1,"column":0},"end":{"line":1,"column":78}},"1":{"start":{"line":2,"column":0},"end":{"line":2,"column":47}},"2":{"start":{"line":4,"column":0},"end":{"line":4,"column":28}},"3":{"start":{"line":5,"column":0},"end":{"line":5,"column":31}},"4":{"start":{"line":6,"column":0},"end":{"line":6,"column":64}},"5":{"start":{"line":10,"column":30},"end":{"line":10,"column":36}},"6":{"start":{"line":12,"column":15},"end":{"line":12,"column":41}},"7":{"start":{"line":13,"column":2},"end":{"line":13,"column":56}},"8":{"start":{"line":15,"column":16},"end":{"line":15,"column":44}},"9":{"start":{"line":17,"column":2},"end":{"line":20,"column":4}},"10":{"start":{"line":24,"column":15},"end":{"line":24,"column":106}},"11":{"start":{"line":25,"column":2},"end":{"line":25,"column":45}},"12":{"start":{"line":25,"column":13},"end":{"line":25,"column":45}},"13":{"start":{"line":27,"column":2},"end":{"line":27,"column":14}},"14":{"start":{"line":31,"column":16},"end":{"line":31,"column":60}},"15":{"start":{"line":32,"column":2},"end":{"line":35,"column":5}},"16":{"start":{"line":37,"column":2},"end":{"line":37,"column":15}},"17":{"start":{"line":41,"column":26},"end":{"line":41,"column":70}},"18":{"start":{"line":42,"column":2},"end":{"line":42,"column":56}},"19":{"start":{"line":42,"column":24},"end":{"line":42,"column":56}},"20":{"start":{"line":53,"column":30},"end":{"line":55,"column":2}},"21":{"start":{"line":57,"column":0},"end":{"line":57,"column":37}}},"fnMap":{"0":{"name":"signIn","decl":{"start":{"line":9,"column":15},"end":{"line":9,"column":21}},"loc":{"start":{"line":9,"column":42},"end":{"line":21,"column":1}}},"1":{"name":"getUserOrFail","decl":{"start":{"line":23,"column":15},"end":{"line":23,"column":28}},"loc":{"start":{"line":23,"column":42},"end":{"line":28,"column":1}}},"2":{"name":"createSession","decl":{"start":{"line":30,"column":15},"end":{"line":30,"column":28}},"loc":{"start":{"line":30,"column":43},"end":{"line":38,"column":1}}},"3":{"name":"validatePasswordOrFail","decl":{"start":{"line":40,"column":15},"end":{"line":40,"column":37}},"loc":{"start":{"line":40,"column":76},"end":{"line":43,"column":1}}}},"branchMap":{"0":{"loc":{"start":{"line":25,"column":2},"end":{"line":25,"column":45}},"type":"if","locations":[{"start":{"line":25,"column":2},"end":{"line":25,"column":45}}]},"1":{"loc":{"start":{"line":42,"column":2},"end":{"line":42,"column":56}},"type":"if","locations":[{"start":{"line":42,"column":2},"end":{"line":42,"column":56}}]}},"s":{"0":3,"1":3,"2":3,"3":3,"4":3,"5":2,"6":2,"7":1,"8":0,"9":0,"10":2,"11":2,"12":1,"13":1,"14":0,"15":0,"16":0,"17":1,"18":1,"19":1,"20":3,"21":3},"f":{"0":2,"1":2,"2":0,"3":1},"b":{"0":[1],"1":[1]}}
,"/home/driven/Lucas/projeto19-drivenpass/src/services/credentials-service.ts": {"path":"/home/driven/Lucas/projeto19-drivenpass/src/services/credentials-service.ts","statementMap":{"0":{"start":{"line":5,"column":0},"end":{"line":5,"column":84}},"1":{"start":{"line":6,"column":0},"end":{"line":6,"column":94}},"2":{"start":{"line":7,"column":0},"end":{"line":7,"column":73}},"3":{"start":{"line":8,"column":0},"end":{"line":8,"column":63}},"4":{"start":{"line":12,"column":21},"end":{"line":12,"column":70}},"5":{"start":{"line":13,"column":4},"end":{"line":13,"column":null}},"6":{"start":{"line":17,"column":23},"end":{"line":17,"column":67}},"7":{"start":{"line":18,"column":4},"end":{"line":18,"column":41}},"8":{"start":{"line":18,"column":19},"end":{"line":18,"column":41}},"9":{"start":{"line":20,"column":4},"end":{"line":20,"column":62}},"10":{"start":{"line":20,"column":36},"end":{"line":20,"column":62}},"11":{"start":{"line":22,"column":32},"end":{"line":22,"column":69}},"12":{"start":{"line":23,"column":4},"end":{"line":29,"column":null}},"13":{"start":{"line":16,"column":0},"end":{"line":16,"column":7}},"14":{"start":{"line":33,"column":23},"end":{"line":33,"column":107}},"15":{"start":{"line":35,"column":32},"end":{"line":35,"column":67}},"16":{"start":{"line":36,"column":4},"end":{"line":42,"column":null}},"17":{"start":{"line":32,"column":0},"end":{"line":32,"column":7}},"18":{"start":{"line":46,"column":23},"end":{"line":46,"column":81}},"19":{"start":{"line":47,"column":4},"end":{"line":47,"column":54}},"20":{"start":{"line":47,"column":25},"end":{"line":47,"column":54}},"21":{"start":{"line":48,"column":4},"end":{"line":48,"column":22}},"22":{"start":{"line":45,"column":0},"end":{"line":45,"column":7}},"23":{"start":{"line":52,"column":22},"end":{"line":52,"column":70}},"24":{"start":{"line":53,"column":3},"end":{"line":53,"column":40}},"25":{"start":{"line":53,"column":18},"end":{"line":53,"column":40}},"26":{"start":{"line":54,"column":3},"end":{"line":54,"column":null}},"27":{"start":{"line":54,"column":27},"end":{"line":54,"column":null}},"28":{"start":{"line":56,"column":19},"end":{"line":56,"column":59}},"29":{"start":{"line":57,"column":3},"end":{"line":57,"column":null}},"30":{"start":{"line":51,"column":0},"end":{"line":51,"column":7}},"31":{"start":{"line":62,"column":27},"end":{"line":68,"column":4}},"32":{"start":{"line":70,"column":2},"end":{"line":70,"column":36}}},"fnMap":{"0":{"name":"getAllCredentials","decl":{"start":{"line":10,"column":15},"end":{"line":10,"column":32}},"loc":{"start":{"line":10,"column":48},"end":{"line":14,"column":1}}},"1":{"name":"CredentialById","decl":{"start":{"line":16,"column":22},"end":{"line":16,"column":36}},"loc":{"start":{"line":16,"column":63},"end":{"line":30,"column":1}}},"2":{"name":"createCredential","decl":{"start":{"line":32,"column":22},"end":{"line":32,"column":38}},"loc":{"start":{"line":32,"column":117},"end":{"line":43,"column":1}}},"3":{"name":"validateTitle","decl":{"start":{"line":45,"column":22},"end":{"line":45,"column":35}},"loc":{"start":{"line":45,"column":65},"end":{"line":49,"column":1}}},"4":{"name":"deleteCredentialId","decl":{"start":{"line":51,"column":22},"end":{"line":51,"column":40}},"loc":{"start":{"line":51,"column":66},"end":{"line":58,"column":1}}}},"branchMap":{"0":{"loc":{"start":{"line":18,"column":4},"end":{"line":18,"column":41}},"type":"if","locations":[{"start":{"line":18,"column":4},"end":{"line":18,"column":41}}]},"1":{"loc":{"start":{"line":20,"column":4},"end":{"line":20,"column":62}},"type":"if","locations":[{"start":{"line":20,"column":4},"end":{"line":20,"column":62}}]},"2":{"loc":{"start":{"line":47,"column":4},"end":{"line":47,"column":54}},"type":"if","locations":[{"start":{"line":47,"column":4},"end":{"line":47,"column":54}}]},"3":{"loc":{"start":{"line":53,"column":3},"end":{"line":53,"column":40}},"type":"if","locations":[{"start":{"line":53,"column":3},"end":{"line":53,"column":40}}]},"4":{"loc":{"start":{"line":54,"column":3},"end":{"line":54,"column":null}},"type":"if","locations":[{"start":{"line":54,"column":3},"end":{"line":54,"column":null}}]}},"s":{"0":3,"1":3,"2":3,"3":3,"4":1,"5":0,"6":0,"7":0,"8":0,"9":0,"10":0,"11":0,"12":0,"13":3,"14":0,"15":0,"16":0,"17":3,"18":0,"19":0,"20":0,"21":0,"22":3,"23":0,"24":0,"25":0,"26":0,"27":0,"28":0,"29":0,"30":3,"31":3,"32":3},"f":{"0":1,"1":0,"2":0,"3":0,"4":0},"b":{"0":[0],"1":[0],"2":[0],"3":[0],"4":[0]}}
,"/home/driven/Lucas/projeto19-drivenpass/src/services/erros-authetication.ts": {"path":"/home/driven/Lucas/projeto19-drivenpass/src/services/erros-authetication.ts","statementMap":{"0":{"start":{"line":4,"column":2},"end":{"line":7,"column":4}},"1":{"start":{"line":3,"column":0},"end":{"line":3,"column":16}}},"fnMap":{"0":{"name":"invalidCredentialsError","decl":{"start":{"line":3,"column":16},"end":{"line":3,"column":39}},"loc":{"start":{"line":3,"column":39},"end":{"line":8,"column":1}}}},"branchMap":{},"s":{"0":2,"1":3},"f":{"0":2},"b":{}}
,"/home/driven/Lucas/projeto19-drivenpass/src/services/network-service.ts": {"path":"/home/driven/Lucas/projeto19-drivenpass/src/services/network-service.ts","statementMap":{"0":{"start":{"line":5,"column":0},"end":{"line":5,"column":84}},"1":{"start":{"line":6,"column":0},"end":{"line":6,"column":94}},"2":{"start":{"line":7,"column":0},"end":{"line":7,"column":73}},"3":{"start":{"line":9,"column":0},"end":{"line":9,"column":65}},"4":{"start":{"line":13,"column":21},"end":{"line":13,"column":63}},"5":{"start":{"line":14,"column":4},"end":{"line":14,"column":null}},"6":{"start":{"line":11,"column":0},"end":{"line":11,"column":7}},"7":{"start":{"line":18,"column":20},"end":{"line":18,"column":57}},"8":{"start":{"line":19,"column":4},"end":{"line":19,"column":38}},"9":{"start":{"line":19,"column":16},"end":{"line":19,"column":38}},"10":{"start":{"line":21,"column":4},"end":{"line":21,"column":59}},"11":{"start":{"line":21,"column":33},"end":{"line":21,"column":59}},"12":{"start":{"line":23,"column":32},"end":{"line":23,"column":66}},"13":{"start":{"line":24,"column":4},"end":{"line":28,"column":null}},"14":{"start":{"line":17,"column":0},"end":{"line":17,"column":7}},"15":{"start":{"line":32,"column":21},"end":{"line":32,"column":92}},"16":{"start":{"line":34,"column":29},"end":{"line":34,"column":62}},"17":{"start":{"line":35,"column":4},"end":{"line":40,"column":null}},"18":{"start":{"line":31,"column":0},"end":{"line":31,"column":7}},"19":{"start":{"line":44,"column":20},"end":{"line":44,"column":57}},"20":{"start":{"line":45,"column":3},"end":{"line":45,"column":38}},"21":{"start":{"line":45,"column":16},"end":{"line":45,"column":38}},"22":{"start":{"line":46,"column":3},"end":{"line":46,"column":null}},"23":{"start":{"line":46,"column":25},"end":{"line":46,"column":null}},"24":{"start":{"line":47,"column":19},"end":{"line":47,"column":59}},"25":{"start":{"line":48,"column":3},"end":{"line":48,"column":null}},"26":{"start":{"line":43,"column":0},"end":{"line":43,"column":7}},"27":{"start":{"line":53,"column":23},"end":{"line":58,"column":4}},"28":{"start":{"line":60,"column":2},"end":{"line":60,"column":32}}},"fnMap":{"0":{"name":"getAllNetwork","decl":{"start":{"line":11,"column":22},"end":{"line":11,"column":35}},"loc":{"start":{"line":11,"column":51},"end":{"line":15,"column":1}}},"1":{"name":"networkById","decl":{"start":{"line":17,"column":22},"end":{"line":17,"column":33}},"loc":{"start":{"line":17,"column":60},"end":{"line":29,"column":1}}},"2":{"name":"createNetwork","decl":{"start":{"line":31,"column":22},"end":{"line":31,"column":35}},"loc":{"start":{"line":31,"column":100},"end":{"line":41,"column":1}}},"3":{"name":"deleteNetworkId","decl":{"start":{"line":43,"column":22},"end":{"line":43,"column":37}},"loc":{"start":{"line":43,"column":63},"end":{"line":49,"column":1}}}},"branchMap":{"0":{"loc":{"start":{"line":19,"column":4},"end":{"line":19,"column":38}},"type":"if","locations":[{"start":{"line":19,"column":4},"end":{"line":19,"column":38}}]},"1":{"loc":{"start":{"line":21,"column":4},"end":{"line":21,"column":59}},"type":"if","locations":[{"start":{"line":21,"column":4},"end":{"line":21,"column":59}}]},"2":{"loc":{"start":{"line":45,"column":3},"end":{"line":45,"column":38}},"type":"if","locations":[{"start":{"line":45,"column":3},"end":{"line":45,"column":38}}]},"3":{"loc":{"start":{"line":46,"column":3},"end":{"line":46,"column":null}},"type":"if","locations":[{"start":{"line":46,"column":3},"end":{"line":46,"column":null}}]}},"s":{"0":3,"1":3,"2":3,"3":3,"4":0,"5":0,"6":3,"7":0,"8":0,"9":0,"10":0,"11":0,"12":0,"13":0,"14":3,"15":0,"16":0,"17":0,"18":3,"19":0,"20":0,"21":0,"22":0,"23":0,"24":0,"25":0,"26":3,"27":3,"28":3},"f":{"0":0,"1":0,"2":0,"3":0},"b":{"0":[0],"1":[0],"2":[0],"3":[0]}}
,"/home/driven/Lucas/projeto19-drivenpass/src/services/user-service.ts": {"path":"/home/driven/Lucas/projeto19-drivenpass/src/services/user-service.ts","statementMap":{"0":{"start":{"line":2,"column":0},"end":{"line":2,"column":59}},"1":{"start":{"line":4,"column":0},"end":{"line":4,"column":27}},"2":{"start":{"line":5,"column":0},"end":{"line":5,"column":63}},"3":{"start":{"line":10,"column":28},"end":{"line":10,"column":67}},"4":{"start":{"line":11,"column":2},"end":{"line":11,"column":60}},"5":{"start":{"line":11,"column":31},"end":{"line":11,"column":60}},"6":{"start":{"line":13,"column":27},"end":{"line":13,"column":58}},"7":{"start":{"line":15,"column":4},"end":{"line":15,"column":56}},"8":{"start":{"line":8,"column":0},"end":{"line":8,"column":7}},"9":{"start":{"line":20,"column":22},"end":{"line":22,"column":4}},"10":{"start":{"line":24,"column":2},"end":{"line":24,"column":29}}},"fnMap":{"0":{"name":"createUser","decl":{"start":{"line":8,"column":22},"end":{"line":8,"column":32}},"loc":{"start":{"line":8,"column":66},"end":{"line":16,"column":3}}}},"branchMap":{"0":{"loc":{"start":{"line":11,"column":2},"end":{"line":11,"column":60}},"type":"if","locations":[{"start":{"line":11,"column":2},"end":{"line":11,"column":60}}]}},"s":{"0":3,"1":3,"2":3,"3":1,"4":1,"5":1,"6":0,"7":0,"8":3,"9":3,"10":3},"f":{"0":1},"b":{"0":[1]}}
,"/home/driven/Lucas/projeto19-drivenpass/src/utils/cryptofrafado.ts": {"path":"/home/driven/Lucas/projeto19-drivenpass/src/utils/cryptofrafado.ts","statementMap":{"0":{"start":{"line":1,"column":0},"end":{"line":1,"column":27}},"1":{"start":{"line":2,"column":0},"end":{"line":2,"column":27}},"2":{"start":{"line":4,"column":0},"end":{"line":4,"column":16}},"3":{"start":{"line":7,"column":14},"end":{"line":7,"column":48}},"4":{"start":{"line":8,"column":0},"end":{"line":8,"column":13}},"5":{"start":{"line":12,"column":14},"end":{"line":12,"column":28}},"6":{"start":{"line":13,"column":0},"end":{"line":13,"column":null}},"7":{"start":{"line":11,"column":0},"end":{"line":11,"column":16}},"8":{"start":{"line":17,"column":21},"end":{"line":17,"column":35}},"9":{"start":{"line":18,"column":4},"end":{"line":18,"column":null}},"10":{"start":{"line":16,"column":0},"end":{"line":16,"column":16}}},"fnMap":{"0":{"name":"configCriptr","decl":{"start":{"line":6,"column":9},"end":{"line":6,"column":21}},"loc":{"start":{"line":6,"column":21},"end":{"line":9,"column":1}}},"1":{"name":"Crypritografar","decl":{"start":{"line":11,"column":16},"end":{"line":11,"column":30}},"loc":{"start":{"line":11,"column":42},"end":{"line":14,"column":1}}},"2":{"name":"unCrypritografar","decl":{"start":{"line":16,"column":16},"end":{"line":16,"column":32}},"loc":{"start":{"line":16,"column":44},"end":{"line":19,"column":1}}}},"branchMap":{},"s":{"0":3,"1":3,"2":3,"3":0,"4":0,"5":0,"6":0,"7":3,"8":0,"9":0,"10":3},"f":{"0":0,"1":0,"2":0},"b":{}}
,"/home/driven/Lucas/projeto19-drivenpass/src/utils/prisma-utils.ts": {"path":"/home/driven/Lucas/projeto19-drivenpass/src/utils/prisma-utils.ts","statementMap":{"0":{"start":{"line":2,"column":22},"end":{"line":2,"column":56}},"1":{"start":{"line":3,"column":4},"end":{"line":5,"column":null}},"2":{"start":{"line":4,"column":6},"end":{"line":4,"column":28}},"3":{"start":{"line":6,"column":4},"end":{"line":6,"column":21}},"4":{"start":{"line":1,"column":0},"end":{"line":1,"column":16}}},"fnMap":{"0":{"name":"exclude","decl":{"start":{"line":1,"column":16},"end":{"line":1,"column":23}},"loc":{"start":{"line":1,"column":73},"end":{"line":7,"column":3}}}},"branchMap":{},"s":{"0":0,"1":0,"2":0,"3":0,"4":3},"f":{"0":0},"b":{}}
,"/home/driven/Lucas/projeto19-drivenpass/test/helpers.ts": {"path":"/home/driven/Lucas/projeto19-drivenpass/test/helpers.ts","statementMap":{"0":{"start":{"line":1,"column":0},"end":{"line":1,"column":36}},"1":{"start":{"line":4,"column":0},"end":{"line":4,"column":39}},"2":{"start":{"line":5,"column":0},"end":{"line":5,"column":58}},"3":{"start":{"line":6,"column":0},"end":{"line":6,"column":41}},"4":{"start":{"line":11,"column":2},"end":{"line":11,"column":41}},"5":{"start":{"line":8,"column":0},"end":{"line":8,"column":7}},"6":{"start":{"line":16,"column":23},"end":{"line":16,"column":51}},"7":{"start":{"line":17,"column":16},"end":{"line":17,"column":78}},"8":{"start":{"line":19,"column":2},"end":{"line":19,"column":29}},"9":{"start":{"line":21,"column":2},"end":{"line":21,"column":15}},"10":{"start":{"line":15,"column":0},"end":{"line":15,"column":7}}},"fnMap":{"0":{"name":"cleanDb","decl":{"start":{"line":8,"column":22},"end":{"line":8,"column":29}},"loc":{"start":{"line":8,"column":29},"end":{"line":13,"column":1}}},"1":{"name":"generateValidToken","decl":{"start":{"line":15,"column":22},"end":{"line":15,"column":40}},"loc":{"start":{"line":15,"column":52},"end":{"line":22,"column":1}}}},"branchMap":{"0":{"loc":{"start":{"line":16,"column":23},"end":{"line":16,"column":51}},"type":"binary-expr","locations":[{"start":{"line":16,"column":23},"end":{"line":16,"column":27}},{"start":{"line":16,"column":32},"end":{"line":16,"column":50}}]}},"s":{"0":3,"1":3,"2":3,"3":3,"4":3,"5":3,"6":3,"7":3,"8":3,"9":3,"10":3},"f":{"0":3,"1":3},"b":{"0":[3,1]}}
,"/home/driven/Lucas/projeto19-drivenpass/test/factory/credential0factory.ts": {"path":"/home/driven/Lucas/projeto19-drivenpass/test/factory/credential0factory.ts","statementMap":{"0":{"start":{"line":1,"column":0},"end":{"line":1,"column":40}},"1":{"start":{"line":3,"column":0},"end":{"line":3,"column":42}},"2":{"start":{"line":6,"column":2},"end":{"line":14,"column":5}},"3":{"start":{"line":5,"column":0},"end":{"line":5,"column":7}}},"fnMap":{"0":{"name":"createCredential","decl":{"start":{"line":5,"column":22},"end":{"line":5,"column":38}},"loc":{"start":{"line":5,"column":53},"end":{"line":15,"column":1}}}},"branchMap":{},"s":{"0":3,"1":3,"2":2,"3":3},"f":{"0":2},"b":{}}
,"/home/driven/Lucas/projeto19-drivenpass/test/factory/index.ts": {"path":"/home/driven/Lucas/projeto19-drivenpass/test/factory/index.ts","statementMap":{"0":{"start":{"line":1,"column":0},"end":{"line":1,"column":30}},"1":{"start":{"line":2,"column":0},"end":{"line":2,"column":36}}},"fnMap":{},"branchMap":{},"s":{"0":3,"1":3},"f":{},"b":{}}
,"/home/driven/Lucas/projeto19-drivenpass/test/factory/session-factory.ts": {"path":"/home/driven/Lucas/projeto19-drivenpass/test/factory/session-factory.ts","statementMap":{"0":{"start":{"line":2,"column":0},"end":{"line":2,"column":44}},"1":{"start":{"line":3,"column":0},"end":{"line":3,"column":42}},"2":{"start":{"line":6,"column":15},"end":{"line":6,"column":33}},"3":{"start":{"line":8,"column":2},"end":{"line":13,"column":5}},"4":{"start":{"line":5,"column":0},"end":{"line":5,"column":7}}},"fnMap":{"0":{"name":"createSession","decl":{"start":{"line":5,"column":22},"end":{"line":5,"column":35}},"loc":{"start":{"line":5,"column":49},"end":{"line":14,"column":1}}}},"branchMap":{},"s":{"0":3,"1":3,"2":3,"3":3,"4":3},"f":{"0":3},"b":{}}
,"/home/driven/Lucas/projeto19-drivenpass/test/factory/user-factory.ts": {"path":"/home/driven/Lucas/projeto19-drivenpass/test/factory/user-factory.ts","statementMap":{"0":{"start":{"line":1,"column":0},"end":{"line":1,"column":28}},"1":{"start":{"line":2,"column":0},"end":{"line":2,"column":38}},"2":{"start":{"line":4,"column":0},"end":{"line":4,"column":42}},"3":{"start":{"line":7,"column":27},"end":{"line":7,"column":73}},"4":{"start":{"line":8,"column":25},"end":{"line":8,"column":64}},"5":{"start":{"line":10,"column":2},"end":{"line":15,"column":5}},"6":{"start":{"line":6,"column":0},"end":{"line":6,"column":7}}},"fnMap":{"0":{"name":"createUser","decl":{"start":{"line":6,"column":22},"end":{"line":6,"column":32}},"loc":{"start":{"line":6,"column":59},"end":{"line":16,"column":1}}}},"branchMap":{"0":{"loc":{"start":{"line":6,"column":33},"end":{"line":6,"column":59}},"type":"default-arg","locations":[{"start":{"line":6,"column":57},"end":{"line":6,"column":59}}]},"1":{"loc":{"start":{"line":7,"column":27},"end":{"line":7,"column":73}},"type":"binary-expr","locations":[{"start":{"line":7,"column":27},"end":{"line":7,"column":42}},{"start":{"line":7,"column":46},"end":{"line":7,"column":73}}]},"2":{"loc":{"start":{"line":12,"column":13},"end":{"line":12,"column":51}},"type":"binary-expr","locations":[{"start":{"line":12,"column":13},"end":{"line":12,"column":25}},{"start":{"line":12,"column":29},"end":{"line":12,"column":51}}]}},"s":{"0":3,"1":3,"2":3,"3":8,"4":8,"5":8,"6":3},"f":{"0":8},"b":{"0":[4],"1":[8,4],"2":[8,4]}}
}
