TN:
SF:src/app.ts
FN:13,init
FN:18,close
FN:23,(anonymous_9)
FNF:3
FNH:2
FNDA:3,init
FNDA:0,close
FNDA:1,(anonymous_9)
DA:1,3
DA:2,3
DA:3,3
DA:4,3
DA:5,3
DA:7,3
DA:9,3
DA:10,3
DA:11,3
DA:13,3
DA:14,3
DA:15,3
DA:18,3
DA:19,0
DA:23,3
DA:24,1
DA:27,3
LF:17
LH:16
BRF:0
BRH:0
end_of_record
TN:
SF:src/config/dataBase.ts
FN:8,connectDb
FN:12,disconnectDB
FNF:2
FNH:1
FNDA:3,connectDb
FNDA:0,disconnectDB
DA:5,3
DA:8,3
DA:9,3
DA:12,3
DA:13,0
LF:5
LH:4
BRF:0
BRH:0
end_of_record
TN:
SF:src/config/envs.ts
FN:4,loadEnv
FNF:1
FNH:1
FNDA:3,loadEnv
DA:1,3
DA:2,3
DA:4,3
DA:6,3
DA:12,3
DA:13,3
LF:6
LH:6
BRDA:6,0,0,3
BRDA:6,0,1,0
BRDA:8,1,0,0
BRDA:8,1,1,0
BRF:4
BRH:1
end_of_record
TN:
SF:src/config/index.ts
FNF:0
FNH:0
DA:1,3
LF:1
LH:1
BRF:0
BRH:0
end_of_record
TN:
SF:src/controllers/CredentialController.ts
FN:5,allCredential
FN:18,credentialById
FN:33,postCredential
FN:47,DeleteById
FNF:4
FNH:1
FNDA:1,allCredential
FNDA:0,credentialById
FNDA:0,postCredential
FNDA:0,DeleteById
DA:1,3
DA:3,3
DA:5,3
DA:6,1
DA:8,1
DA:9,1
DA:10,0
DA:12,1
DA:13,0
DA:14,1
DA:15,0
DA:18,3
DA:19,0
DA:20,0
DA:22,0
DA:23,0
DA:24,0
DA:26,0
DA:27,0
DA:28,0
DA:29,0
DA:30,0
DA:33,3
DA:34,0
DA:35,0
DA:37,0
DA:38,0
DA:39,0
DA:40,0
DA:43,0
DA:44,0
DA:47,3
DA:48,0
DA:49,0
DA:51,0
DA:52,0
DA:53,0
DA:56,0
DA:57,0
DA:59,0
DA:60,0
LF:41
LH:11
BRDA:12,0,0,0
BRDA:14,1,0,0
BRDA:26,2,0,0
BRDA:28,3,0,0
BRDA:43,4,0,0
BRDA:56,5,0,0
BRDA:59,6,0,0
BRF:7
BRH:0
end_of_record
TN:
SF:src/controllers/authentication-controller.ts
FN:11,singInPost
FNF:1
FNH:1
FNDA:2,singInPost
DA:2,3
DA:4,3
DA:11,3
DA:12,2
DA:14,2
DA:15,2
DA:17,0
DA:20,2
LF:8
LH:7
BRF:0
BRH:0
end_of_record
TN:
SF:src/controllers/network-controllers.ts
FN:6,allnetworks
FN:19,networkById
FN:34,postNetwork
FN:47,deleteById
FNF:4
FNH:0
FNDA:0,allnetworks
FNDA:0,networkById
FNDA:0,postNetwork
FNDA:0,deleteById
DA:2,3
DA:4,3
DA:6,3
DA:7,0
DA:9,0
DA:10,0
DA:11,0
DA:13,0
DA:14,0
DA:15,0
DA:16,0
DA:19,3
DA:20,0
DA:21,0
DA:23,0
DA:24,0
DA:25,0
DA:27,0
DA:28,0
DA:29,0
DA:30,0
DA:31,0
DA:34,3
DA:35,0
DA:36,0
DA:38,0
DA:39,0
DA:40,0
DA:43,0
DA:44,0
DA:47,3
DA:48,0
DA:49,0
DA:51,0
DA:52,0
DA:53,0
DA:56,0
DA:57,0
DA:59,0
DA:60,0
LF:40
LH:6
BRDA:13,0,0,0
BRDA:15,1,0,0
BRDA:27,2,0,0
BRDA:29,3,0,0
BRDA:43,4,0,0
BRDA:56,5,0,0
BRDA:59,6,0,0
BRF:7
BRH:0
end_of_record
TN:
SF:src/controllers/user-controller.ts
FN:9,createUser
FNF:1
FNH:1
FNDA:1,createUser
DA:2,3
DA:4,3
DA:9,3
DA:10,1
DA:12,1
DA:13,1
DA:15,0
DA:17,1
DA:18,1
DA:21,0
LF:10
LH:8
BRDA:17,0,0,1
BRF:1
BRH:1
end_of_record
TN:
SF:src/errors/conflict-error.ts
FN:3,conflictError
FNF:1
FNH:0
FNDA:0,conflictError
DA:3,3
DA:4,0
LF:2
LH:1
BRF:0
BRH:0
end_of_record
TN:
SF:src/errors/erros-service.ts
FN:3,duplicatedEmailError
FN:11,duplicatedtitleError
FNF:2
FNH:1
FNDA:2,duplicatedEmailError
FNDA:0,duplicatedtitleError
DA:3,3
DA:4,2
DA:11,3
DA:12,0
LF:4
LH:3
BRF:0
BRH:0
end_of_record
TN:
SF:src/errors/forbidden-error.ts
FN:3,forbidden
FNF:1
FNH:0
FNDA:0,forbidden
DA:3,3
DA:4,0
LF:2
LH:1
BRF:0
BRH:0
end_of_record
TN:
SF:src/errors/has-no-id-error.ts
FN:3,hasnoid
FNF:1
FNH:0
FNDA:0,hasnoid
DA:3,3
DA:4,0
LF:2
LH:1
BRF:0
BRH:0
end_of_record
TN:
SF:src/errors/index.ts
FNF:0
FNH:0
DA:1,3
DA:2,3
DA:3,3
DA:4,3
DA:5,3
DA:6,3
DA:7,3
DA:8,3
DA:9,3
DA:10,3
LF:10
LH:10
BRF:0
BRH:0
end_of_record
TN:
SF:src/errors/invalid-data-error.ts
FN:3,invalidDataError
FNF:1
FNH:0
FNDA:0,invalidDataError
DA:3,3
DA:4,0
LF:2
LH:1
BRF:0
BRH:0
end_of_record
TN:
SF:src/errors/invalid-email-error.ts
FN:3,invalidEmailError
FNF:1
FNH:0
FNDA:0,invalidEmailError
DA:3,3
DA:4,0
LF:2
LH:1
BRF:0
BRH:0
end_of_record
TN:
SF:src/errors/not-found-error.ts
FN:3,notFoundError
FNF:1
FNH:0
FNDA:0,notFoundError
DA:3,3
DA:4,0
LF:2
LH:1
BRF:0
BRH:0
end_of_record
TN:
SF:src/errors/payment-required-error.ts
FN:3,paymentRequiredError
FNF:1
FNH:0
FNDA:0,paymentRequiredError
DA:3,3
DA:4,0
LF:2
LH:1
BRF:0
BRH:0
end_of_record
TN:
SF:src/errors/request-error.ts
FN:3,requestError
FNF:1
FNH:0
FNDA:0,requestError
DA:3,3
DA:4,0
LF:2
LH:1
BRF:0
BRH:0
end_of_record
TN:
SF:src/errors/unauthorized-error.ts
FN:3,unauthorizedError
FNF:1
FNH:1
FNDA:4,unauthorizedError
DA:3,3
DA:4,4
LF:2
LH:2
BRF:0
BRH:0
end_of_record
TN:
SF:src/middleware/authenticationToken.ts
FN:8,authenticateToken
FN:33,generateUnauthorizedResponse
FNF:2
FNH:2
FNDA:7,authenticateToken
FNDA:4,generateUnauthorizedResponse
DA:2,3
DA:3,3
DA:5,3
DA:6,3
DA:8,3
DA:9,7
DA:10,7
DA:12,5
DA:13,5
DA:15,5
DA:16,5
DA:18,3
DA:23,3
DA:25,3
DA:27,3
DA:29,2
DA:34,4
LF:17
LH:17
BRDA:10,0,0,2
BRDA:13,1,0,0
BRDA:23,2,0,0
BRF:3
BRH:1
end_of_record
TN:
SF:src/middleware/credential-middleware.ts
FN:4,credentialMiddle
FN:7,(anonymous_2)
FNF:2
FNH:2
FNDA:2,credentialMiddle
FNDA:7,(anonymous_2)
DA:2,3
DA:4,3
DA:5,2
DA:6,2
DA:7,7
DA:8,2
DA:9,2
DA:11,0
LF:8
LH:7
BRDA:6,0,0,2
BRF:1
BRH:1
end_of_record
TN:
SF:src/middleware/network-middleware.ts
FN:4,networkMiddle
FN:7,(anonymous_2)
FNF:2
FNH:0
FNDA:0,networkMiddle
FNDA:0,(anonymous_2)
DA:2,3
DA:4,3
DA:5,0
DA:6,0
DA:7,0
DA:8,0
DA:9,0
DA:11,0
LF:8
LH:2
BRDA:6,0,0,0
BRF:1
BRH:0
end_of_record
TN:
SF:src/middleware/user-middleware.ts
FN:4,userMiddle
FN:7,(anonymous_2)
FNF:2
FNH:2
FNDA:7,userMiddle
FNDA:10,(anonymous_2)
DA:1,3
DA:4,3
DA:5,7
DA:6,7
DA:7,10
DA:8,4
DA:9,4
DA:11,3
LF:8
LH:8
BRDA:6,0,0,4
BRF:1
BRH:1
end_of_record
TN:
SF:src/repositorys/authentication-repository.ts
FN:5,findByEmail
FN:19,createUser
FN:26,createSession
FNF:3
FNH:1
FNDA:2,findByEmail
FNDA:0,createUser
FNDA:0,createSession
DA:1,3
DA:6,2
DA:12,2
DA:13,2
DA:16,2
DA:20,0
DA:27,0
DA:32,3
DA:38,3
LF:9
LH:7
BRDA:12,0,0,2
BRF:1
BRH:1
end_of_record
TN:
SF:src/repositorys/credentials-repository.ts
FN:4,credentialTitle
FN:13,createCredential
FN:31,credentialId
FN:39,credentialAll
FN:47,deleteId
FNF:5
FNH:1
FNDA:0,credentialTitle
FNDA:0,createCredential
FNDA:0,credentialId
FNDA:1,credentialAll
FNDA:0,deleteId
DA:1,3
DA:4,3
DA:5,0
DA:13,3
DA:20,0
DA:31,3
DA:32,0
DA:40,1
DA:47,3
DA:48,0
DA:56,3
DA:64,3
LF:12
LH:8
BRF:0
BRH:0
end_of_record
TN:
SF:src/repositorys/network-repository.ts
FN:13,createNetwork
FN:29,networkId
FN:37,networkAll
FN:45,deleteId
FNF:4
FNH:0
FNDA:0,createNetwork
FNDA:0,networkId
FNDA:0,networkAll
FNDA:0,deleteId
DA:1,3
DA:13,3
DA:19,0
DA:29,3
DA:30,0
DA:38,0
DA:45,3
DA:46,0
DA:53,3
DA:60,3
LF:10
LH:6
BRF:0
BRH:0
end_of_record
TN:
SF:src/repositorys/user-repository.ts
FN:3,findByEmail
FN:13,create
FNF:2
FNH:1
FNDA:1,findByEmail
FNDA:0,create
DA:1,3
DA:4,1
DA:14,0
DA:23,3
DA:28,3
LF:5
LH:4
BRF:0
BRH:0
end_of_record
TN:
SF:src/routes/Routes.ts
FNF:0
FNH:0
DA:1,3
DA:2,3
DA:3,3
DA:4,3
DA:5,3
DA:7,3
DA:8,3
DA:9,3
DA:10,3
DA:11,3
DA:13,3
LF:11
LH:11
BRF:0
BRH:0
end_of_record
TN:
SF:src/routes/authentication-router.ts
FNF:0
FNH:0
DA:1,3
DA:2,3
DA:3,3
DA:5,3
DA:7,3
DA:9,3
LF:6
LH:6
BRF:0
BRH:0
end_of_record
TN:
SF:src/routes/credential-router.ts
FNF:0
FNH:0
DA:1,3
DA:2,3
DA:3,3
DA:4,3
DA:9,3
DA:11,3
DA:12,3
DA:13,3
DA:14,3
DA:16,3
LF:10
LH:10
BRF:0
BRH:0
end_of_record
TN:
SF:src/routes/network-controller-router.ts
FNF:0
FNH:0
DA:2,3
DA:3,3
DA:4,3
DA:6,3
DA:11,3
DA:13,3
DA:14,3
DA:15,3
DA:16,3
DA:18,3
LF:10
LH:10
BRF:0
BRH:0
end_of_record
TN:
SF:src/routes/user-route.ts
FNF:0
FNH:0
DA:2,3
DA:3,3
DA:4,3
DA:8,3
DA:10,3
DA:13,3
LF:6
LH:6
BRF:0
BRH:0
end_of_record
TN:
SF:src/schema/credential-schema.ts
FNF:0
FNH:0
DA:1,3
DA:3,3
DA:11,3
LF:3
LH:3
BRF:0
BRH:0
end_of_record
TN:
SF:src/schema/network-schema.ts
FNF:0
FNH:0
DA:2,3
DA:4,3
DA:11,3
LF:3
LH:3
BRF:0
BRH:0
end_of_record
TN:
SF:src/schema/user-schema.ts
FNF:0
FNH:0
DA:2,3
DA:4,3
DA:10,3
LF:3
LH:3
BRF:0
BRH:0
end_of_record
TN:
SF:src/services/authentication-service.ts
FN:9,signIn
FN:23,getUserOrFail
FN:30,createSession
FN:40,validatePasswordOrFail
FNF:4
FNH:3
FNDA:2,signIn
FNDA:2,getUserOrFail
FNDA:0,createSession
FNDA:1,validatePasswordOrFail
DA:1,3
DA:2,3
DA:4,3
DA:5,3
DA:6,3
DA:10,2
DA:12,2
DA:13,1
DA:15,0
DA:17,0
DA:24,2
DA:25,2
DA:27,1
DA:31,0
DA:32,0
DA:37,0
DA:41,1
DA:42,1
DA:53,3
DA:57,3
LF:20
LH:15
BRDA:25,0,0,1
BRDA:42,1,0,1
BRF:2
BRH:2
end_of_record
TN:
SF:src/services/credentials-service.ts
FN:10,getAllCredentials
FN:16,CredentialById
FN:32,createCredential
FN:45,validateTitle
FN:51,deleteCredentialId
FNF:5
FNH:1
FNDA:1,getAllCredentials
FNDA:0,CredentialById
FNDA:0,createCredential
FNDA:0,validateTitle
FNDA:0,deleteCredentialId
DA:5,3
DA:6,3
DA:7,3
DA:8,3
DA:12,1
DA:13,0
DA:16,3
DA:17,0
DA:18,0
DA:20,0
DA:22,0
DA:23,0
DA:32,3
DA:33,0
DA:35,0
DA:36,0
DA:45,3
DA:46,0
DA:47,0
DA:48,0
DA:51,3
DA:52,0
DA:53,0
DA:54,0
DA:56,0
DA:57,0
DA:62,3
DA:70,3
LF:28
LH:11
BRDA:18,0,0,0
BRDA:20,1,0,0
BRDA:47,2,0,0
BRDA:53,3,0,0
BRDA:54,4,0,0
BRF:5
BRH:0
end_of_record
TN:
SF:src/services/erros-authetication.ts
FN:3,invalidCredentialsError
FNF:1
FNH:1
FNDA:2,invalidCredentialsError
DA:3,3
DA:4,2
LF:2
LH:2
BRF:0
BRH:0
end_of_record
TN:
SF:src/services/network-service.ts
FN:11,getAllNetwork
FN:17,networkById
FN:31,createNetwork
FN:43,deleteNetworkId
FNF:4
FNH:0
FNDA:0,getAllNetwork
FNDA:0,networkById
FNDA:0,createNetwork
FNDA:0,deleteNetworkId
DA:5,3
DA:6,3
DA:7,3
DA:9,3
DA:11,3
DA:13,0
DA:14,0
DA:17,3
DA:18,0
DA:19,0
DA:21,0
DA:23,0
DA:24,0
DA:31,3
DA:32,0
DA:34,0
DA:35,0
DA:43,3
DA:44,0
DA:45,0
DA:46,0
DA:47,0
DA:48,0
DA:53,3
DA:60,3
LF:25
LH:10
BRDA:19,0,0,0
BRDA:21,1,0,0
BRDA:45,2,0,0
BRDA:46,3,0,0
BRF:4
BRH:0
end_of_record
TN:
SF:src/services/user-service.ts
FN:8,createUser
FNF:1
FNH:1
FNDA:1,createUser
DA:2,3
DA:4,3
DA:5,3
DA:8,3
DA:10,1
DA:11,1
DA:13,0
DA:15,0
DA:20,3
DA:24,3
LF:10
LH:8
BRDA:11,0,0,1
BRF:1
BRH:1
end_of_record
TN:
SF:src/utils/cryptofrafado.ts
FN:6,configCriptr
FN:11,Crypritografar
FN:16,unCrypritografar
FNF:3
FNH:0
FNDA:0,configCriptr
FNDA:0,Crypritografar
FNDA:0,unCrypritografar
DA:1,3
DA:2,3
DA:4,3
DA:7,0
DA:8,0
DA:11,3
DA:12,0
DA:13,0
DA:16,3
DA:17,0
DA:18,0
LF:11
LH:5
BRF:0
BRH:0
end_of_record
TN:
SF:src/utils/prisma-utils.ts
FN:1,exclude
FNF:1
FNH:0
FNDA:0,exclude
DA:1,3
DA:2,0
DA:3,0
DA:4,0
DA:6,0
LF:5
LH:1
BRF:0
BRH:0
end_of_record
TN:
SF:test/helpers.ts
FN:8,cleanDb
FN:15,generateValidToken
FNF:2
FNH:2
FNDA:3,cleanDb
FNDA:3,generateValidToken
DA:1,3
DA:4,3
DA:5,3
DA:6,3
DA:8,3
DA:11,3
DA:15,3
DA:16,3
DA:17,3
DA:19,3
DA:21,3
LF:11
LH:11
BRDA:16,0,0,3
BRDA:16,0,1,1
BRF:2
BRH:2
end_of_record
TN:
SF:test/factory/credential0factory.ts
FN:5,createCredential
FNF:1
FNH:1
FNDA:2,createCredential
DA:1,3
DA:3,3
DA:5,3
DA:6,2
LF:4
LH:4
BRF:0
BRH:0
end_of_record
TN:
SF:test/factory/index.ts
FNF:0
FNH:0
DA:1,3
DA:2,3
LF:2
LH:2
BRF:0
BRH:0
end_of_record
TN:
SF:test/factory/session-factory.ts
FN:5,createSession
FNF:1
FNH:1
FNDA:3,createSession
DA:2,3
DA:3,3
DA:5,3
DA:6,3
DA:8,3
LF:5
LH:5
BRF:0
BRH:0
end_of_record
TN:
SF:test/factory/user-factory.ts
FN:6,createUser
FNF:1
FNH:1
FNDA:8,createUser
DA:1,3
DA:2,3
DA:4,3
DA:6,3
DA:7,8
DA:8,8
DA:10,8
LF:7
LH:7
BRDA:6,0,0,4
BRDA:7,1,0,8
BRDA:7,1,1,4
BRDA:12,2,0,8
BRDA:12,2,1,4
BRF:5
BRH:5
end_of_record
